2022-12-02 11:02:11.503  INFO 11564 --- [restartedMain] com.phonebook.crud.Application           : Starting Application using Java 1.8.0_281 on LIN79002363 with PID 11564 (C:\Users\TSOODULA\Documents\eclipse workspaces\spring_boot\01-phonebook-web-app\target\classes started by tsoodula in C:\Users\TSOODULA\Documents\eclipse workspaces\spring_boot\01-phonebook-web-app)
2022-12-02 11:02:11.545  INFO 11564 --- [restartedMain] com.phonebook.crud.Application           : No active profile set, falling back to 1 default profile: "default"
2022-12-02 11:02:12.056  INFO 11564 --- [restartedMain] .e.DevToolsPropertyDefaultsPostProcessor : Devtools property defaults active! Set 'spring.devtools.add-properties' to 'false' to disable
2022-12-02 11:02:12.058  INFO 11564 --- [restartedMain] .e.DevToolsPropertyDefaultsPostProcessor : For additional web related logging consider setting the 'logging.level.web' property to 'DEBUG'
2022-12-02 11:02:15.642  INFO 11564 --- [restartedMain] .s.d.r.c.RepositoryConfigurationDelegate : Bootstrapping Spring Data JPA repositories in DEFAULT mode.
2022-12-02 11:02:16.004  INFO 11564 --- [restartedMain] .s.d.r.c.RepositoryConfigurationDelegate : Finished Spring Data repository scanning in 324 ms. Found 1 JPA repository interfaces.
2022-12-02 11:02:21.145  INFO 11564 --- [restartedMain] o.s.b.w.embedded.tomcat.TomcatWebServer  : Tomcat initialized with port(s): 8084 (http)
2022-12-02 11:02:21.185  INFO 11564 --- [restartedMain] o.apache.catalina.core.StandardService   : Starting service [Tomcat]
2022-12-02 11:02:21.186  INFO 11564 --- [restartedMain] org.apache.catalina.core.StandardEngine  : Starting Servlet engine: [Apache Tomcat/9.0.69]
2022-12-02 11:02:21.515  INFO 11564 --- [restartedMain] o.a.c.c.C.[Tomcat].[localhost].[/]       : Initializing Spring embedded WebApplicationContext
2022-12-02 11:02:21.515  INFO 11564 --- [restartedMain] w.s.c.ServletWebServerApplicationContext : Root WebApplicationContext: initialization completed in 9456 ms
2022-12-02 11:02:21.650  INFO 11564 --- [restartedMain] com.zaxxer.hikari.HikariDataSource       : HikariPool-1 - Starting...
2022-12-02 11:02:22.395  INFO 11564 --- [restartedMain] com.zaxxer.hikari.HikariDataSource       : HikariPool-1 - Start completed.
2022-12-02 11:02:22.416  INFO 11564 --- [restartedMain] o.s.b.a.h2.H2ConsoleAutoConfiguration    : H2 console available at '/h2-console'. Database available at 'jdbc:mysql://localhost:3306/customer_directory?useSSL=false&serverTimezone=UTC'
2022-12-02 11:02:23.184  INFO 11564 --- [restartedMain] o.hibernate.jpa.internal.util.LogHelper  : HHH000204: Processing PersistenceUnitInfo [name: default]
2022-12-02 11:02:23.451  INFO 11564 --- [restartedMain] org.hibernate.Version                    : HHH000412: Hibernate ORM core version 5.6.14.Final
2022-12-02 11:02:24.082  INFO 11564 --- [restartedMain] o.hibernate.annotations.common.Version   : HCANN000001: Hibernate Commons Annotations {5.1.2.Final}
2022-12-02 11:02:24.523  INFO 11564 --- [restartedMain] org.hibernate.dialect.Dialect            : HHH000400: Using dialect: org.hibernate.dialect.MySQL8Dialect
2022-12-02 11:02:26.325  INFO 11564 --- [restartedMain] o.h.e.t.j.p.i.JtaPlatformInitiator       : HHH000490: Using JtaPlatform implementation: [org.hibernate.engine.transaction.jta.platform.internal.NoJtaPlatform]
2022-12-02 11:02:26.359  INFO 11564 --- [restartedMain] j.LocalContainerEntityManagerFactoryBean : Initialized JPA EntityManagerFactory for persistence unit 'default'
2022-12-02 11:02:27.952  WARN 11564 --- [restartedMain] JpaBaseConfiguration$JpaWebConfiguration : spring.jpa.open-in-view is enabled by default. Therefore, database queries may be performed during view rendering. Explicitly configure spring.jpa.open-in-view to disable this warning
2022-12-02 11:02:28.509  INFO 11564 --- [restartedMain] pertySourcedRequestMappingHandlerMapping : Mapped URL path [/v2/api-docs] onto method [springfox.documentation.swagger2.web.Swagger2Controller#getDocumentation(String, HttpServletRequest)]
2022-12-02 11:02:28.871  WARN 11564 --- [restartedMain] o.s.b.d.a.OptionalLiveReloadServer       : Unable to start LiveReload server
2022-12-02 11:02:29.576  INFO 11564 --- [restartedMain] o.s.b.w.embedded.tomcat.TomcatWebServer  : Tomcat started on port(s): 8084 (http) with context path ''
2022-12-02 11:02:29.589  INFO 11564 --- [restartedMain] d.s.w.p.DocumentationPluginsBootstrapper : Context refreshed
2022-12-02 11:02:30.162  INFO 11564 --- [restartedMain] d.s.w.p.DocumentationPluginsBootstrapper : Found 1 custom documentation plugin(s)
2022-12-02 11:02:30.256  INFO 11564 --- [restartedMain] s.d.s.w.s.ApiListingReferenceScanner     : Scanning for api listing references
2022-12-02 11:02:31.329  INFO 11564 --- [restartedMain] com.phonebook.crud.Application           : Started Application in 21.187 seconds (JVM running for 23.078)
2022-12-02 11:03:22.309  INFO 11564 --- [File Watcher] rtingClassPathChangeChangedEventListener : Restarting due to 12 class path changes (0 additions, 12 deletions, 0 modifications)
2022-12-02 11:03:25.190  INFO 11564 --- [Thread-1] o.apache.catalina.core.StandardService   : Stopping service [Tomcat]
2022-12-02 11:03:26.191  INFO 11564 --- [Thread-1] j.LocalContainerEntityManagerFactoryBean : Closing JPA EntityManagerFactory for persistence unit 'default'
2022-12-02 11:03:26.599  INFO 11564 --- [Thread-1] com.zaxxer.hikari.HikariDataSource       : HikariPool-1 - Shutdown initiated...
2022-12-02 11:03:27.437  INFO 11564 --- [Thread-1] com.zaxxer.hikari.HikariDataSource       : HikariPool-1 - Shutdown completed.
2022-12-02 11:03:46.210  INFO 11564 --- [restartedMain] com.phonebook.crud.Application           : Starting Application using Java 1.8.0_281 on LIN79002363 with PID 11564 (C:\Users\TSOODULA\Documents\eclipse workspaces\spring_boot\01-phonebook-web-app\target\classes started by tsoodula in C:\Users\TSOODULA\Documents\eclipse workspaces\spring_boot\01-phonebook-web-app)
2022-12-02 11:03:46.211  INFO 11564 --- [restartedMain] com.phonebook.crud.Application           : No active profile set, falling back to 1 default profile: "default"
2022-12-02 11:03:47.111  INFO 11564 --- [restartedMain] .s.d.r.c.RepositoryConfigurationDelegate : Bootstrapping Spring Data JPA repositories in DEFAULT mode.
2022-12-02 11:03:47.143  INFO 11564 --- [restartedMain] .s.d.r.c.RepositoryConfigurationDelegate : Finished Spring Data repository scanning in 31 ms. Found 1 JPA repository interfaces.
2022-12-02 11:03:47.464  INFO 11564 --- [restartedMain] o.s.b.w.embedded.tomcat.TomcatWebServer  : Tomcat initialized with port(s): 8084 (http)
2022-12-02 11:03:47.466  INFO 11564 --- [restartedMain] o.apache.catalina.core.StandardService   : Starting service [Tomcat]
2022-12-02 11:03:47.467  INFO 11564 --- [restartedMain] org.apache.catalina.core.StandardEngine  : Starting Servlet engine: [Apache Tomcat/9.0.69]
2022-12-02 11:03:47.528  INFO 11564 --- [restartedMain] o.a.c.c.C.[Tomcat-1].[localhost].[/]     : Initializing Spring embedded WebApplicationContext
2022-12-02 11:03:47.528  INFO 11564 --- [restartedMain] w.s.c.ServletWebServerApplicationContext : Root WebApplicationContext: initialization completed in 1308 ms
2022-12-02 11:03:47.558  INFO 11564 --- [restartedMain] com.zaxxer.hikari.HikariDataSource       : HikariPool-3 - Starting...
2022-12-02 11:03:47.592  INFO 11564 --- [restartedMain] com.zaxxer.hikari.HikariDataSource       : HikariPool-3 - Start completed.
2022-12-02 11:03:47.593  INFO 11564 --- [restartedMain] o.s.b.a.h2.H2ConsoleAutoConfiguration    : H2 console available at '/h2-console'. Database available at 'jdbc:mysql://localhost:3306/customer_directory?useSSL=false&serverTimezone=UTC'
2022-12-02 11:03:47.669  INFO 11564 --- [restartedMain] o.hibernate.jpa.internal.util.LogHelper  : HHH000204: Processing PersistenceUnitInfo [name: default]
2022-12-02 11:03:47.681  INFO 11564 --- [restartedMain] org.hibernate.dialect.Dialect            : HHH000400: Using dialect: org.hibernate.dialect.MySQL8Dialect
2022-12-02 11:03:47.752  INFO 11564 --- [restartedMain] o.h.e.t.j.p.i.JtaPlatformInitiator       : HHH000490: Using JtaPlatform implementation: [org.hibernate.engine.transaction.jta.platform.internal.NoJtaPlatform]
2022-12-02 11:03:47.753  INFO 11564 --- [restartedMain] j.LocalContainerEntityManagerFactoryBean : Initialized JPA EntityManagerFactory for persistence unit 'default'
2022-12-02 11:03:48.033  WARN 11564 --- [restartedMain] JpaBaseConfiguration$JpaWebConfiguration : spring.jpa.open-in-view is enabled by default. Therefore, database queries may be performed during view rendering. Explicitly configure spring.jpa.open-in-view to disable this warning
2022-12-02 11:03:48.105  INFO 11564 --- [restartedMain] pertySourcedRequestMappingHandlerMapping : Mapped URL path [/v2/api-docs] onto method [springfox.documentation.swagger2.web.Swagger2Controller#getDocumentation(String, HttpServletRequest)]
2022-12-02 11:03:48.190  WARN 11564 --- [restartedMain] o.s.b.d.a.OptionalLiveReloadServer       : Unable to start LiveReload server
2022-12-02 11:03:48.300  INFO 11564 --- [restartedMain] o.s.b.w.embedded.tomcat.TomcatWebServer  : Tomcat started on port(s): 8084 (http) with context path ''
2022-12-02 11:03:48.301  INFO 11564 --- [restartedMain] d.s.w.p.DocumentationPluginsBootstrapper : Context refreshed
2022-12-02 11:03:48.303  INFO 11564 --- [restartedMain] d.s.w.p.DocumentationPluginsBootstrapper : Found 1 custom documentation plugin(s)
2022-12-02 11:03:48.330  INFO 11564 --- [restartedMain] s.d.s.w.s.ApiListingReferenceScanner     : Scanning for api listing references
2022-12-02 11:03:48.496  INFO 11564 --- [restartedMain] com.phonebook.crud.Application           : Started Application in 2.398 seconds (JVM running for 100.245)
2022-12-02 11:03:48.503  INFO 11564 --- [restartedMain] .ConditionEvaluationDeltaLoggingListener : Condition evaluation unchanged
2022-12-02 11:11:43.794  INFO 14920 --- [restartedMain] com.phonebook.crud.Application           : Starting Application using Java 17.0.4.1 on LIN79002363 with PID 14920 (C:\Users\TSOODULA\Documents\eclipse workspaces\spring_boot\01-phonebook-web-app\target\classes started by tsoodula in C:\Users\TSOODULA\Documents\eclipse workspaces\spring_boot\01-phonebook-web-app)
2022-12-02 11:11:43.798  INFO 14920 --- [restartedMain] com.phonebook.crud.Application           : No active profile set, falling back to 1 default profile: "default"
2022-12-02 11:11:43.899  INFO 14920 --- [restartedMain] .e.DevToolsPropertyDefaultsPostProcessor : Devtools property defaults active! Set 'spring.devtools.add-properties' to 'false' to disable
2022-12-02 11:11:43.900  INFO 14920 --- [restartedMain] .e.DevToolsPropertyDefaultsPostProcessor : For additional web related logging consider setting the 'logging.level.web' property to 'DEBUG'
2022-12-02 11:11:46.011  INFO 14920 --- [restartedMain] .s.d.r.c.RepositoryConfigurationDelegate : Bootstrapping Spring Data JPA repositories in DEFAULT mode.
2022-12-02 11:11:46.176  INFO 14920 --- [restartedMain] .s.d.r.c.RepositoryConfigurationDelegate : Finished Spring Data repository scanning in 143 ms. Found 1 JPA repository interfaces.
2022-12-02 11:11:47.891  INFO 14920 --- [restartedMain] o.s.b.w.embedded.tomcat.TomcatWebServer  : Tomcat initialized with port(s): 8084 (http)
2022-12-02 11:11:47.910  INFO 14920 --- [restartedMain] o.apache.catalina.core.StandardService   : Starting service [Tomcat]
2022-12-02 11:11:47.910  INFO 14920 --- [restartedMain] org.apache.catalina.core.StandardEngine  : Starting Servlet engine: [Apache Tomcat/9.0.69]
2022-12-02 11:11:48.100  INFO 14920 --- [restartedMain] o.a.c.c.C.[Tomcat].[localhost].[/]       : Initializing Spring embedded WebApplicationContext
2022-12-02 11:11:48.101  INFO 14920 --- [restartedMain] w.s.c.ServletWebServerApplicationContext : Root WebApplicationContext: initialization completed in 4200 ms
2022-12-02 11:11:48.185  INFO 14920 --- [restartedMain] com.zaxxer.hikari.HikariDataSource       : HikariPool-1 - Starting...
2022-12-02 11:11:48.599  INFO 14920 --- [restartedMain] com.zaxxer.hikari.HikariDataSource       : HikariPool-1 - Start completed.
2022-12-02 11:11:48.622  INFO 14920 --- [restartedMain] o.s.b.a.h2.H2ConsoleAutoConfiguration    : H2 console available at '/h2-console'. Database available at 'jdbc:mysql://localhost:3306/customer_directory?useSSL=false&serverTimezone=UTC'
2022-12-02 11:11:49.376  INFO 14920 --- [restartedMain] o.hibernate.jpa.internal.util.LogHelper  : HHH000204: Processing PersistenceUnitInfo [name: default]
2022-12-02 11:11:49.636  INFO 14920 --- [restartedMain] org.hibernate.Version                    : HHH000412: Hibernate ORM core version 5.6.14.Final
2022-12-02 11:11:50.130  INFO 14920 --- [restartedMain] o.hibernate.annotations.common.Version   : HCANN000001: Hibernate Commons Annotations {5.1.2.Final}
2022-12-02 11:11:50.613  INFO 14920 --- [restartedMain] org.hibernate.dialect.Dialect            : HHH000400: Using dialect: org.hibernate.dialect.MySQL8Dialect
2022-12-02 11:11:52.211  INFO 14920 --- [restartedMain] o.h.e.t.j.p.i.JtaPlatformInitiator       : HHH000490: Using JtaPlatform implementation: [org.hibernate.engine.transaction.jta.platform.internal.NoJtaPlatform]
2022-12-02 11:11:52.239  INFO 14920 --- [restartedMain] j.LocalContainerEntityManagerFactoryBean : Initialized JPA EntityManagerFactory for persistence unit 'default'
2022-12-02 11:11:53.740  WARN 14920 --- [restartedMain] JpaBaseConfiguration$JpaWebConfiguration : spring.jpa.open-in-view is enabled by default. Therefore, database queries may be performed during view rendering. Explicitly configure spring.jpa.open-in-view to disable this warning
2022-12-02 11:11:54.113  INFO 14920 --- [restartedMain] pertySourcedRequestMappingHandlerMapping : Mapped URL path [/v2/api-docs] onto method [springfox.documentation.swagger2.web.Swagger2Controller#getDocumentation(String, HttpServletRequest)]
2022-12-02 11:11:54.409  WARN 14920 --- [restartedMain] o.s.b.d.a.OptionalLiveReloadServer       : Unable to start LiveReload server
2022-12-02 11:11:54.832  WARN 14920 --- [restartedMain] ConfigServletWebServerApplicationContext : Exception encountered during context initialization - cancelling refresh attempt: org.springframework.context.ApplicationContextException: Failed to start bean 'webServerStartStop'; nested exception is org.springframework.boot.web.server.PortInUseException: Port 8084 is already in use
2022-12-02 11:11:54.842  INFO 14920 --- [restartedMain] j.LocalContainerEntityManagerFactoryBean : Closing JPA EntityManagerFactory for persistence unit 'default'
2022-12-02 11:11:54.853  INFO 14920 --- [restartedMain] com.zaxxer.hikari.HikariDataSource       : HikariPool-1 - Shutdown initiated...
2022-12-02 11:11:54.878  INFO 14920 --- [restartedMain] com.zaxxer.hikari.HikariDataSource       : HikariPool-1 - Shutdown completed.
2022-12-02 11:11:54.885  INFO 14920 --- [restartedMain] o.apache.catalina.core.StandardService   : Stopping service [Tomcat]
2022-12-02 11:11:54.924  INFO 14920 --- [restartedMain] ConditionEvaluationReportLoggingListener : 

Error starting ApplicationContext. To display the conditions report re-run your application with 'debug' enabled.
2022-12-02 11:11:54.991 ERROR 14920 --- [restartedMain] o.s.b.d.LoggingFailureAnalysisReporter   : 

***************************
APPLICATION FAILED TO START
***************************

Description:

Web server failed to start. Port 8084 was already in use.

Action:

Identify and stop the process that's listening on port 8084 or configure this application to listen on another port.

2022-12-02 11:12:34.995  INFO 11564 --- [http-nio-8084-exec-1] o.a.c.c.C.[Tomcat-1].[localhost].[/]     : Initializing Spring DispatcherServlet 'dispatcherServlet'
2022-12-02 11:12:35.000  INFO 11564 --- [http-nio-8084-exec-1] o.s.web.servlet.DispatcherServlet        : Initializing Servlet 'dispatcherServlet'
2022-12-02 11:12:35.059  INFO 11564 --- [http-nio-8084-exec-1] o.s.web.servlet.DispatcherServlet        : Completed initialization in 58 ms
2022-12-02 11:12:58.590  INFO 15836 --- [restartedMain] com.phonebook.crud.Application           : Starting Application using Java 17.0.4.1 on LIN79002363 with PID 15836 (C:\Users\TSOODULA\Documents\eclipse workspaces\spring_boot\01-phonebook-web-app\target\classes started by tsoodula in C:\Users\TSOODULA\Documents\eclipse workspaces\spring_boot\01-phonebook-web-app)
2022-12-02 11:12:58.593  INFO 15836 --- [restartedMain] com.phonebook.crud.Application           : No active profile set, falling back to 1 default profile: "default"
2022-12-02 11:12:58.700  INFO 15836 --- [restartedMain] .e.DevToolsPropertyDefaultsPostProcessor : Devtools property defaults active! Set 'spring.devtools.add-properties' to 'false' to disable
2022-12-02 11:12:58.701  INFO 15836 --- [restartedMain] .e.DevToolsPropertyDefaultsPostProcessor : For additional web related logging consider setting the 'logging.level.web' property to 'DEBUG'
2022-12-02 11:12:59.965  INFO 15836 --- [restartedMain] .s.d.r.c.RepositoryConfigurationDelegate : Bootstrapping Spring Data JPA repositories in DEFAULT mode.
2022-12-02 11:13:00.052  INFO 15836 --- [restartedMain] .s.d.r.c.RepositoryConfigurationDelegate : Finished Spring Data repository scanning in 70 ms. Found 1 JPA repository interfaces.
2022-12-02 11:13:01.093  INFO 15836 --- [restartedMain] o.s.b.w.embedded.tomcat.TomcatWebServer  : Tomcat initialized with port(s): 8084 (http)
2022-12-02 11:13:01.109  INFO 15836 --- [restartedMain] o.apache.catalina.core.StandardService   : Starting service [Tomcat]
2022-12-02 11:13:01.110  INFO 15836 --- [restartedMain] org.apache.catalina.core.StandardEngine  : Starting Servlet engine: [Apache Tomcat/9.0.69]
2022-12-02 11:13:01.253  INFO 15836 --- [restartedMain] o.a.c.c.C.[Tomcat].[localhost].[/]       : Initializing Spring embedded WebApplicationContext
2022-12-02 11:13:01.254  INFO 15836 --- [restartedMain] w.s.c.ServletWebServerApplicationContext : Root WebApplicationContext: initialization completed in 2552 ms
2022-12-02 11:13:01.309  INFO 15836 --- [restartedMain] com.zaxxer.hikari.HikariDataSource       : HikariPool-1 - Starting...
2022-12-02 11:13:01.653  INFO 15836 --- [restartedMain] com.zaxxer.hikari.HikariDataSource       : HikariPool-1 - Start completed.
2022-12-02 11:13:01.682  INFO 15836 --- [restartedMain] o.s.b.a.h2.H2ConsoleAutoConfiguration    : H2 console available at '/h2-console'. Database available at 'jdbc:mysql://localhost:3306/customer_directory?useSSL=false&serverTimezone=UTC'
2022-12-02 11:13:01.933  INFO 15836 --- [restartedMain] o.hibernate.jpa.internal.util.LogHelper  : HHH000204: Processing PersistenceUnitInfo [name: default]
2022-12-02 11:13:02.011  INFO 15836 --- [restartedMain] org.hibernate.Version                    : HHH000412: Hibernate ORM core version 5.6.14.Final
2022-12-02 11:13:02.325  INFO 15836 --- [restartedMain] o.hibernate.annotations.common.Version   : HCANN000001: Hibernate Commons Annotations {5.1.2.Final}
2022-12-02 11:13:02.489  INFO 15836 --- [restartedMain] org.hibernate.dialect.Dialect            : HHH000400: Using dialect: org.hibernate.dialect.MySQL8Dialect
2022-12-02 11:13:03.359  INFO 15836 --- [restartedMain] o.h.e.t.j.p.i.JtaPlatformInitiator       : HHH000490: Using JtaPlatform implementation: [org.hibernate.engine.transaction.jta.platform.internal.NoJtaPlatform]
2022-12-02 11:13:03.379  INFO 15836 --- [restartedMain] j.LocalContainerEntityManagerFactoryBean : Initialized JPA EntityManagerFactory for persistence unit 'default'
2022-12-02 11:13:04.195  WARN 15836 --- [restartedMain] JpaBaseConfiguration$JpaWebConfiguration : spring.jpa.open-in-view is enabled by default. Therefore, database queries may be performed during view rendering. Explicitly configure spring.jpa.open-in-view to disable this warning
2022-12-02 11:13:04.464  INFO 15836 --- [restartedMain] pertySourcedRequestMappingHandlerMapping : Mapped URL path [/v2/api-docs] onto method [springfox.documentation.swagger2.web.Swagger2Controller#getDocumentation(String, HttpServletRequest)]
2022-12-02 11:13:04.701  WARN 15836 --- [restartedMain] o.s.b.d.a.OptionalLiveReloadServer       : Unable to start LiveReload server
2022-12-02 11:13:05.081  INFO 15836 --- [restartedMain] o.s.b.w.embedded.tomcat.TomcatWebServer  : Tomcat started on port(s): 8084 (http) with context path ''
2022-12-02 11:13:05.083  INFO 15836 --- [restartedMain] d.s.w.p.DocumentationPluginsBootstrapper : Context refreshed
2022-12-02 11:13:05.140  INFO 15836 --- [restartedMain] d.s.w.p.DocumentationPluginsBootstrapper : Found 1 custom documentation plugin(s)
2022-12-02 11:13:05.221  INFO 15836 --- [restartedMain] s.d.s.w.s.ApiListingReferenceScanner     : Scanning for api listing references
2022-12-02 11:13:05.521  INFO 15836 --- [restartedMain] com.phonebook.crud.Application           : Started Application in 7.657 seconds (JVM running for 9.188)
2022-12-02 11:13:11.849  INFO 15836 --- [http-nio-8084-exec-1] o.a.c.c.C.[Tomcat].[localhost].[/]       : Initializing Spring DispatcherServlet 'dispatcherServlet'
2022-12-02 11:13:11.850  INFO 15836 --- [http-nio-8084-exec-1] o.s.web.servlet.DispatcherServlet        : Initializing Servlet 'dispatcherServlet'
2022-12-02 11:13:11.852  INFO 15836 --- [http-nio-8084-exec-1] o.s.web.servlet.DispatcherServlet        : Completed initialization in 1 ms
2022-12-02 11:17:19.681  INFO 15836 --- [File Watcher] rtingClassPathChangeChangedEventListener : Restarting due to 8 class path changes (0 additions, 0 deletions, 8 modifications)
2022-12-02 11:17:19.709  INFO 15836 --- [Thread-1] o.apache.catalina.core.StandardService   : Stopping service [Tomcat]
2022-12-02 11:17:19.714  INFO 15836 --- [Thread-1] o.a.c.c.C.[Tomcat].[localhost].[/]       : Destroying Spring FrameworkServlet 'dispatcherServlet'
2022-12-02 11:17:19.730  INFO 15836 --- [Thread-1] j.LocalContainerEntityManagerFactoryBean : Closing JPA EntityManagerFactory for persistence unit 'default'
2022-12-02 11:17:19.736  INFO 15836 --- [Thread-1] com.zaxxer.hikari.HikariDataSource       : HikariPool-1 - Shutdown initiated...
2022-12-02 11:17:19.756  INFO 15836 --- [Thread-1] com.zaxxer.hikari.HikariDataSource       : HikariPool-1 - Shutdown completed.
2022-12-02 11:17:20.042  INFO 15836 --- [restartedMain] com.phonebook.crud.Application           : Starting Application using Java 17.0.4.1 on LIN79002363 with PID 15836 (C:\Users\TSOODULA\Documents\eclipse workspaces\spring_boot\01-phonebook-web-app\target\classes started by tsoodula in C:\Users\TSOODULA\Documents\eclipse workspaces\spring_boot\01-phonebook-web-app)
2022-12-02 11:17:20.044  INFO 15836 --- [restartedMain] com.phonebook.crud.Application           : No active profile set, falling back to 1 default profile: "default"
2022-12-02 11:17:21.148  INFO 15836 --- [restartedMain] .s.d.r.c.RepositoryConfigurationDelegate : Bootstrapping Spring Data JPA repositories in DEFAULT mode.
2022-12-02 11:17:21.192  INFO 15836 --- [restartedMain] .s.d.r.c.RepositoryConfigurationDelegate : Finished Spring Data repository scanning in 41 ms. Found 1 JPA repository interfaces.
2022-12-02 11:17:21.422  INFO 15836 --- [restartedMain] o.s.b.w.embedded.tomcat.TomcatWebServer  : Tomcat initialized with port(s): 8084 (http)
2022-12-02 11:17:21.424  INFO 15836 --- [restartedMain] o.apache.catalina.core.StandardService   : Starting service [Tomcat]
2022-12-02 11:17:21.425  INFO 15836 --- [restartedMain] org.apache.catalina.core.StandardEngine  : Starting Servlet engine: [Apache Tomcat/9.0.69]
2022-12-02 11:17:21.485  INFO 15836 --- [restartedMain] o.a.c.c.C.[Tomcat].[localhost].[/]       : Initializing Spring embedded WebApplicationContext
2022-12-02 11:17:21.486  INFO 15836 --- [restartedMain] w.s.c.ServletWebServerApplicationContext : Root WebApplicationContext: initialization completed in 1432 ms
2022-12-02 11:17:21.525  INFO 15836 --- [restartedMain] com.zaxxer.hikari.HikariDataSource       : HikariPool-2 - Starting...
2022-12-02 11:17:21.548  INFO 15836 --- [restartedMain] com.zaxxer.hikari.HikariDataSource       : HikariPool-2 - Start completed.
2022-12-02 11:17:21.548  INFO 15836 --- [restartedMain] o.s.b.a.h2.H2ConsoleAutoConfiguration    : H2 console available at '/h2-console'. Database available at 'jdbc:mysql://localhost:3306/customer_directory?useSSL=false&serverTimezone=UTC'
2022-12-02 11:17:21.618  INFO 15836 --- [restartedMain] o.hibernate.jpa.internal.util.LogHelper  : HHH000204: Processing PersistenceUnitInfo [name: default]
2022-12-02 11:17:21.629  INFO 15836 --- [restartedMain] org.hibernate.dialect.Dialect            : HHH000400: Using dialect: org.hibernate.dialect.MySQL8Dialect
2022-12-02 11:17:21.781  INFO 15836 --- [restartedMain] o.h.e.t.j.p.i.JtaPlatformInitiator       : HHH000490: Using JtaPlatform implementation: [org.hibernate.engine.transaction.jta.platform.internal.NoJtaPlatform]
2022-12-02 11:17:21.782  INFO 15836 --- [restartedMain] j.LocalContainerEntityManagerFactoryBean : Initialized JPA EntityManagerFactory for persistence unit 'default'
2022-12-02 11:17:22.378  WARN 15836 --- [restartedMain] JpaBaseConfiguration$JpaWebConfiguration : spring.jpa.open-in-view is enabled by default. Therefore, database queries may be performed during view rendering. Explicitly configure spring.jpa.open-in-view to disable this warning
2022-12-02 11:17:22.518  INFO 15836 --- [restartedMain] pertySourcedRequestMappingHandlerMapping : Mapped URL path [/v2/api-docs] onto method [springfox.documentation.swagger2.web.Swagger2Controller#getDocumentation(String, HttpServletRequest)]
2022-12-02 11:17:22.698  WARN 15836 --- [restartedMain] o.s.b.d.a.OptionalLiveReloadServer       : Unable to start LiveReload server
2022-12-02 11:17:23.013  INFO 15836 --- [restartedMain] o.s.b.w.embedded.tomcat.TomcatWebServer  : Tomcat started on port(s): 8084 (http) with context path ''
2022-12-02 11:17:23.016  INFO 15836 --- [restartedMain] d.s.w.p.DocumentationPluginsBootstrapper : Context refreshed
2022-12-02 11:17:23.019  INFO 15836 --- [restartedMain] d.s.w.p.DocumentationPluginsBootstrapper : Found 1 custom documentation plugin(s)
2022-12-02 11:17:23.064  INFO 15836 --- [restartedMain] s.d.s.w.s.ApiListingReferenceScanner     : Scanning for api listing references
2022-12-02 11:17:23.298  INFO 15836 --- [restartedMain] com.phonebook.crud.Application           : Started Application in 3.45 seconds (JVM running for 266.961)
2022-12-02 11:17:23.307  INFO 15836 --- [restartedMain] .ConditionEvaluationDeltaLoggingListener : Condition evaluation unchanged
2022-12-02 11:21:00.436  INFO 15836 --- [File Watcher] rtingClassPathChangeChangedEventListener : Restarting due to 12 class path changes (0 additions, 0 deletions, 12 modifications)
2022-12-02 11:21:00.468  INFO 15836 --- [Thread-5] o.apache.catalina.core.StandardService   : Stopping service [Tomcat]
2022-12-02 11:21:00.491  INFO 15836 --- [Thread-5] j.LocalContainerEntityManagerFactoryBean : Closing JPA EntityManagerFactory for persistence unit 'default'
2022-12-02 11:21:00.493  INFO 15836 --- [Thread-5] com.zaxxer.hikari.HikariDataSource       : HikariPool-2 - Shutdown initiated...
2022-12-02 11:21:00.503  INFO 15836 --- [Thread-5] com.zaxxer.hikari.HikariDataSource       : HikariPool-2 - Shutdown completed.
2022-12-02 11:21:00.654  INFO 15836 --- [restartedMain] com.phonebook.crud.Application           : Starting Application using Java 17.0.4.1 on LIN79002363 with PID 15836 (C:\Users\TSOODULA\Documents\eclipse workspaces\spring_boot\01-phonebook-web-app\target\classes started by tsoodula in C:\Users\TSOODULA\Documents\eclipse workspaces\spring_boot\01-phonebook-web-app)
2022-12-02 11:21:00.655  INFO 15836 --- [restartedMain] com.phonebook.crud.Application           : No active profile set, falling back to 1 default profile: "default"
2022-12-02 11:21:01.193  INFO 15836 --- [restartedMain] .s.d.r.c.RepositoryConfigurationDelegate : Bootstrapping Spring Data JPA repositories in DEFAULT mode.
2022-12-02 11:21:01.213  INFO 15836 --- [restartedMain] .s.d.r.c.RepositoryConfigurationDelegate : Finished Spring Data repository scanning in 19 ms. Found 1 JPA repository interfaces.
2022-12-02 11:21:01.446  INFO 15836 --- [restartedMain] o.s.b.w.embedded.tomcat.TomcatWebServer  : Tomcat initialized with port(s): 8084 (http)
2022-12-02 11:21:01.448  INFO 15836 --- [restartedMain] o.apache.catalina.core.StandardService   : Starting service [Tomcat]
2022-12-02 11:21:01.449  INFO 15836 --- [restartedMain] org.apache.catalina.core.StandardEngine  : Starting Servlet engine: [Apache Tomcat/9.0.69]
2022-12-02 11:21:01.504  INFO 15836 --- [restartedMain] o.a.c.c.C.[Tomcat].[localhost].[/]       : Initializing Spring embedded WebApplicationContext
2022-12-02 11:21:01.506  INFO 15836 --- [restartedMain] w.s.c.ServletWebServerApplicationContext : Root WebApplicationContext: initialization completed in 846 ms
2022-12-02 11:21:01.527  INFO 15836 --- [restartedMain] com.zaxxer.hikari.HikariDataSource       : HikariPool-3 - Starting...
2022-12-02 11:21:01.545  INFO 15836 --- [restartedMain] com.zaxxer.hikari.HikariDataSource       : HikariPool-3 - Start completed.
2022-12-02 11:21:01.546  INFO 15836 --- [restartedMain] o.s.b.a.h2.H2ConsoleAutoConfiguration    : H2 console available at '/h2-console'. Database available at 'jdbc:mysql://localhost:3306/customer_directory?useSSL=false&serverTimezone=UTC'
2022-12-02 11:21:01.619  INFO 15836 --- [restartedMain] o.hibernate.jpa.internal.util.LogHelper  : HHH000204: Processing PersistenceUnitInfo [name: default]
2022-12-02 11:21:01.628  INFO 15836 --- [restartedMain] org.hibernate.dialect.Dialect            : HHH000400: Using dialect: org.hibernate.dialect.MySQL8Dialect
2022-12-02 11:21:01.682  INFO 15836 --- [restartedMain] o.h.e.t.j.p.i.JtaPlatformInitiator       : HHH000490: Using JtaPlatform implementation: [org.hibernate.engine.transaction.jta.platform.internal.NoJtaPlatform]
2022-12-02 11:21:01.683  INFO 15836 --- [restartedMain] j.LocalContainerEntityManagerFactoryBean : Initialized JPA EntityManagerFactory for persistence unit 'default'
2022-12-02 11:21:01.868  WARN 15836 --- [restartedMain] JpaBaseConfiguration$JpaWebConfiguration : spring.jpa.open-in-view is enabled by default. Therefore, database queries may be performed during view rendering. Explicitly configure spring.jpa.open-in-view to disable this warning
2022-12-02 11:21:01.957  INFO 15836 --- [restartedMain] pertySourcedRequestMappingHandlerMapping : Mapped URL path [/v2/api-docs] onto method [springfox.documentation.swagger2.web.Swagger2Controller#getDocumentation(String, HttpServletRequest)]
2022-12-02 11:21:02.161  WARN 15836 --- [restartedMain] o.s.b.d.a.OptionalLiveReloadServer       : Unable to start LiveReload server
2022-12-02 11:21:02.309  INFO 15836 --- [restartedMain] o.s.b.w.embedded.tomcat.TomcatWebServer  : Tomcat started on port(s): 8084 (http) with context path ''
2022-12-02 11:21:02.310  INFO 15836 --- [restartedMain] d.s.w.p.DocumentationPluginsBootstrapper : Context refreshed
2022-12-02 11:21:02.312  INFO 15836 --- [restartedMain] d.s.w.p.DocumentationPluginsBootstrapper : Found 1 custom documentation plugin(s)
2022-12-02 11:21:02.358  INFO 15836 --- [restartedMain] s.d.s.w.s.ApiListingReferenceScanner     : Scanning for api listing references
2022-12-02 11:21:02.555  INFO 15836 --- [restartedMain] com.phonebook.crud.Application           : Started Application in 1.96 seconds (JVM running for 486.215)
2022-12-02 11:21:02.559  INFO 15836 --- [restartedMain] .ConditionEvaluationDeltaLoggingListener : Condition evaluation unchanged
2022-12-02 11:21:15.033  INFO 15836 --- [File Watcher] rtingClassPathChangeChangedEventListener : Restarting due to 12 class path changes (0 additions, 0 deletions, 12 modifications)
2022-12-02 11:21:15.064  INFO 15836 --- [Thread-9] o.apache.catalina.core.StandardService   : Stopping service [Tomcat]
2022-12-02 11:21:15.077  INFO 15836 --- [Thread-9] j.LocalContainerEntityManagerFactoryBean : Closing JPA EntityManagerFactory for persistence unit 'default'
2022-12-02 11:21:15.079  INFO 15836 --- [Thread-9] com.zaxxer.hikari.HikariDataSource       : HikariPool-3 - Shutdown initiated...
2022-12-02 11:21:15.090  INFO 15836 --- [Thread-9] com.zaxxer.hikari.HikariDataSource       : HikariPool-3 - Shutdown completed.
2022-12-02 11:21:15.219  INFO 15836 --- [restartedMain] com.phonebook.crud.Application           : Starting Application using Java 17.0.4.1 on LIN79002363 with PID 15836 (C:\Users\TSOODULA\Documents\eclipse workspaces\spring_boot\01-phonebook-web-app\target\classes started by tsoodula in C:\Users\TSOODULA\Documents\eclipse workspaces\spring_boot\01-phonebook-web-app)
2022-12-02 11:21:15.220  INFO 15836 --- [restartedMain] com.phonebook.crud.Application           : No active profile set, falling back to 1 default profile: "default"
2022-12-02 11:21:15.815  INFO 15836 --- [restartedMain] .s.d.r.c.RepositoryConfigurationDelegate : Bootstrapping Spring Data JPA repositories in DEFAULT mode.
2022-12-02 11:21:15.846  INFO 15836 --- [restartedMain] .s.d.r.c.RepositoryConfigurationDelegate : Finished Spring Data repository scanning in 29 ms. Found 1 JPA repository interfaces.
2022-12-02 11:21:16.041  INFO 15836 --- [restartedMain] o.s.b.w.embedded.tomcat.TomcatWebServer  : Tomcat initialized with port(s): 8084 (http)
2022-12-02 11:21:16.043  INFO 15836 --- [restartedMain] o.apache.catalina.core.StandardService   : Starting service [Tomcat]
2022-12-02 11:21:16.044  INFO 15836 --- [restartedMain] org.apache.catalina.core.StandardEngine  : Starting Servlet engine: [Apache Tomcat/9.0.69]
2022-12-02 11:21:16.095  INFO 15836 --- [restartedMain] o.a.c.c.C.[Tomcat].[localhost].[/]       : Initializing Spring embedded WebApplicationContext
2022-12-02 11:21:16.095  INFO 15836 --- [restartedMain] w.s.c.ServletWebServerApplicationContext : Root WebApplicationContext: initialization completed in 870 ms
2022-12-02 11:21:16.130  INFO 15836 --- [restartedMain] com.zaxxer.hikari.HikariDataSource       : HikariPool-4 - Starting...
2022-12-02 11:21:16.142  INFO 15836 --- [restartedMain] com.zaxxer.hikari.HikariDataSource       : HikariPool-4 - Start completed.
2022-12-02 11:21:16.142  INFO 15836 --- [restartedMain] o.s.b.a.h2.H2ConsoleAutoConfiguration    : H2 console available at '/h2-console'. Database available at 'jdbc:mysql://localhost:3306/customer_directory?useSSL=false&serverTimezone=UTC'
2022-12-02 11:21:16.200  INFO 15836 --- [restartedMain] o.hibernate.jpa.internal.util.LogHelper  : HHH000204: Processing PersistenceUnitInfo [name: default]
2022-12-02 11:21:16.209  INFO 15836 --- [restartedMain] org.hibernate.dialect.Dialect            : HHH000400: Using dialect: org.hibernate.dialect.MySQL8Dialect
2022-12-02 11:21:16.248  INFO 15836 --- [restartedMain] o.h.e.t.j.p.i.JtaPlatformInitiator       : HHH000490: Using JtaPlatform implementation: [org.hibernate.engine.transaction.jta.platform.internal.NoJtaPlatform]
2022-12-02 11:21:16.249  INFO 15836 --- [restartedMain] j.LocalContainerEntityManagerFactoryBean : Initialized JPA EntityManagerFactory for persistence unit 'default'
2022-12-02 11:21:16.647  WARN 15836 --- [restartedMain] JpaBaseConfiguration$JpaWebConfiguration : spring.jpa.open-in-view is enabled by default. Therefore, database queries may be performed during view rendering. Explicitly configure spring.jpa.open-in-view to disable this warning
2022-12-02 11:21:16.725  INFO 15836 --- [restartedMain] pertySourcedRequestMappingHandlerMapping : Mapped URL path [/v2/api-docs] onto method [springfox.documentation.swagger2.web.Swagger2Controller#getDocumentation(String, HttpServletRequest)]
2022-12-02 11:21:16.892  WARN 15836 --- [restartedMain] o.s.b.d.a.OptionalLiveReloadServer       : Unable to start LiveReload server
2022-12-02 11:21:17.077  WARN 15836 --- [restartedMain] ConfigServletWebServerApplicationContext : Exception encountered during context initialization - cancelling refresh attempt: org.springframework.context.ApplicationContextException: Failed to start bean 'webServerStartStop'; nested exception is org.springframework.boot.web.server.PortInUseException: Port 8084 is already in use
2022-12-02 11:21:17.079  INFO 15836 --- [restartedMain] j.LocalContainerEntityManagerFactoryBean : Closing JPA EntityManagerFactory for persistence unit 'default'
2022-12-02 11:21:17.082  INFO 15836 --- [restartedMain] com.zaxxer.hikari.HikariDataSource       : HikariPool-4 - Shutdown initiated...
2022-12-02 11:21:17.089  INFO 15836 --- [restartedMain] com.zaxxer.hikari.HikariDataSource       : HikariPool-4 - Shutdown completed.
2022-12-02 11:21:17.091  INFO 15836 --- [restartedMain] o.apache.catalina.core.StandardService   : Stopping service [Tomcat]
2022-12-02 11:21:17.110  INFO 15836 --- [restartedMain] ConditionEvaluationReportLoggingListener : 

Error starting ApplicationContext. To display the conditions report re-run your application with 'debug' enabled.
2022-12-02 11:21:17.157 ERROR 15836 --- [restartedMain] o.s.b.d.LoggingFailureAnalysisReporter   : 

***************************
APPLICATION FAILED TO START
***************************

Description:

Web server failed to start. Port 8084 was already in use.

Action:

Identify and stop the process that's listening on port 8084 or configure this application to listen on another port.

2022-12-02 11:21:43.528  INFO 724 --- [main] com.phonebook.crud.ApplicationTests      : Starting ApplicationTests using Java 1.8.0_281 on LIN79002363 with PID 724 (started by tsoodula in C:\Users\TSOODULA\Documents\eclipse workspaces\spring_boot\01-phonebook-web-app)
2022-12-02 11:21:43.535  INFO 724 --- [main] com.phonebook.crud.ApplicationTests      : No active profile set, falling back to 1 default profile: "default"
2022-12-02 11:21:46.463  INFO 724 --- [main] .s.d.r.c.RepositoryConfigurationDelegate : Bootstrapping Spring Data JPA repositories in DEFAULT mode.
2022-12-02 11:21:46.752  INFO 724 --- [main] .s.d.r.c.RepositoryConfigurationDelegate : Finished Spring Data repository scanning in 235 ms. Found 1 JPA repository interfaces.
2022-12-02 11:21:48.471  INFO 724 --- [main] com.zaxxer.hikari.HikariDataSource       : HikariPool-1 - Starting...
2022-12-02 11:21:49.217  INFO 724 --- [main] com.zaxxer.hikari.HikariDataSource       : HikariPool-1 - Start completed.
2022-12-02 11:21:49.532  INFO 724 --- [main] o.hibernate.jpa.internal.util.LogHelper  : HHH000204: Processing PersistenceUnitInfo [name: default]
2022-12-02 11:21:49.853  INFO 724 --- [main] org.hibernate.Version                    : HHH000412: Hibernate ORM core version 5.6.14.Final
2022-12-02 11:21:50.549  INFO 724 --- [main] o.hibernate.annotations.common.Version   : HCANN000001: Hibernate Commons Annotations {5.1.2.Final}
2022-12-02 11:21:51.490  INFO 724 --- [main] org.hibernate.dialect.Dialect            : HHH000400: Using dialect: org.hibernate.dialect.MySQL8Dialect
2022-12-02 11:21:53.527  INFO 724 --- [main] o.h.e.t.j.p.i.JtaPlatformInitiator       : HHH000490: Using JtaPlatform implementation: [org.hibernate.engine.transaction.jta.platform.internal.NoJtaPlatform]
2022-12-02 11:21:53.571  INFO 724 --- [main] j.LocalContainerEntityManagerFactoryBean : Initialized JPA EntityManagerFactory for persistence unit 'default'
2022-12-02 11:21:55.572  WARN 724 --- [main] JpaBaseConfiguration$JpaWebConfiguration : spring.jpa.open-in-view is enabled by default. Therefore, database queries may be performed during view rendering. Explicitly configure spring.jpa.open-in-view to disable this warning
2022-12-02 11:21:56.409  INFO 724 --- [main] pertySourcedRequestMappingHandlerMapping : Mapped URL path [/v2/api-docs] onto method [springfox.documentation.swagger2.web.Swagger2Controller#getDocumentation(String, HttpServletRequest)]
2022-12-02 11:21:58.605  INFO 724 --- [main] d.s.w.p.DocumentationPluginsBootstrapper : Context refreshed
2022-12-02 11:21:58.741  INFO 724 --- [main] d.s.w.p.DocumentationPluginsBootstrapper : Found 1 custom documentation plugin(s)
2022-12-02 11:21:58.896  INFO 724 --- [main] s.d.s.w.s.ApiListingReferenceScanner     : Scanning for api listing references
2022-12-02 11:21:59.570  INFO 724 --- [main] com.phonebook.crud.ApplicationTests      : Started ApplicationTests in 17.26 seconds (JVM running for 22.359)
2022-12-02 11:21:59.974  INFO 724 --- [main] .b.t.a.w.s.WebMvcTestContextBootstrapper : Neither @ContextConfiguration nor @ContextHierarchy found for test class [com.phonebook.crud.rest.TestContactRestController], using SpringBootContextLoader
2022-12-02 11:21:59.978  INFO 724 --- [main] o.s.t.c.support.AbstractContextLoader    : Could not detect default resource locations for test class [com.phonebook.crud.rest.TestContactRestController]: no resource found for suffixes {-context.xml, Context.groovy}.
2022-12-02 11:21:59.979  INFO 724 --- [main] t.c.s.AnnotationConfigContextLoaderUtils : Could not detect default configuration classes for test class [com.phonebook.crud.rest.TestContactRestController]: TestContactRestController does not declare any static, non-private, non-final, nested classes annotated with @Configuration.
2022-12-02 11:22:00.114  INFO 724 --- [main] .b.t.c.SpringBootTestContextBootstrapper : Found @SpringBootConfiguration com.phonebook.crud.Application for test class com.phonebook.crud.rest.TestContactRestController
2022-12-02 11:22:00.120  INFO 724 --- [main] .b.t.a.w.s.WebMvcTestContextBootstrapper : Loaded default TestExecutionListener class names from location [META-INF/spring.factories]: [org.springframework.boot.test.mock.mockito.MockitoTestExecutionListener, org.springframework.boot.test.mock.mockito.ResetMocksTestExecutionListener, org.springframework.boot.test.autoconfigure.restdocs.RestDocsTestExecutionListener, org.springframework.boot.test.autoconfigure.web.client.MockRestServiceServerResetTestExecutionListener, org.springframework.boot.test.autoconfigure.web.servlet.MockMvcPrintOnlyOnFailureTestExecutionListener, org.springframework.boot.test.autoconfigure.web.servlet.WebDriverTestExecutionListener, org.springframework.boot.test.autoconfigure.webservices.client.MockWebServiceServerTestExecutionListener, org.springframework.test.context.web.ServletTestExecutionListener, org.springframework.test.context.support.DirtiesContextBeforeModesTestExecutionListener, org.springframework.test.context.event.ApplicationEventsTestExecutionListener, org.springframework.test.context.support.DependencyInjectionTestExecutionListener, org.springframework.test.context.support.DirtiesContextTestExecutionListener, org.springframework.test.context.transaction.TransactionalTestExecutionListener, org.springframework.test.context.jdbc.SqlScriptsTestExecutionListener, org.springframework.test.context.event.EventPublishingTestExecutionListener]
2022-12-02 11:22:00.129  INFO 724 --- [main] .b.t.a.w.s.WebMvcTestContextBootstrapper : Using TestExecutionListeners: [org.springframework.test.context.web.ServletTestExecutionListener@6a3facf4, org.springframework.test.context.support.DirtiesContextBeforeModesTestExecutionListener@1933b116, org.springframework.test.context.event.ApplicationEventsTestExecutionListener@94c21, org.springframework.boot.test.mock.mockito.MockitoTestExecutionListener@7b0bd6c6, org.springframework.boot.test.autoconfigure.SpringBootDependencyInjectionTestExecutionListener@6cc48d5f, org.springframework.test.context.support.DirtiesContextTestExecutionListener@68fb2ad0, org.springframework.test.context.transaction.TransactionalTestExecutionListener@22d90baa, org.springframework.test.context.jdbc.SqlScriptsTestExecutionListener@74154d1, org.springframework.test.context.event.EventPublishingTestExecutionListener@4f278f13, org.springframework.boot.test.mock.mockito.ResetMocksTestExecutionListener@7e3b918d, org.springframework.boot.test.autoconfigure.restdocs.RestDocsTestExecutionListener@145541bb, org.springframework.boot.test.autoconfigure.web.client.MockRestServiceServerResetTestExecutionListener@19bf683c, org.springframework.boot.test.autoconfigure.web.servlet.MockMvcPrintOnlyOnFailureTestExecutionListener@6a13330f, org.springframework.boot.test.autoconfigure.web.servlet.WebDriverTestExecutionListener@48067039, org.springframework.boot.test.autoconfigure.webservices.client.MockWebServiceServerTestExecutionListener@7660a81b]
2022-12-02 11:22:00.299  INFO 724 --- [main] c.p.crud.rest.TestContactRestController  : Starting TestContactRestController using Java 1.8.0_281 on LIN79002363 with PID 724 (started by tsoodula in C:\Users\TSOODULA\Documents\eclipse workspaces\spring_boot\01-phonebook-web-app)
2022-12-02 11:22:00.300  INFO 724 --- [main] c.p.crud.rest.TestContactRestController  : No active profile set, falling back to 1 default profile: "default"
2022-12-02 11:22:02.344  INFO 724 --- [main] pertySourcedRequestMappingHandlerMapping : Mapped URL path [/v2/api-docs] onto method [springfox.documentation.swagger2.web.Swagger2Controller#getDocumentation(String, HttpServletRequest)]
2022-12-02 11:22:04.206  INFO 724 --- [main] o.s.b.t.m.w.SpringBootMockServletContext : Initializing Spring TestDispatcherServlet ''
2022-12-02 11:22:04.208  INFO 724 --- [main] o.s.t.web.servlet.TestDispatcherServlet  : Initializing Servlet ''
2022-12-02 11:22:04.210  INFO 724 --- [main] o.s.t.web.servlet.TestDispatcherServlet  : Completed initialization in 2 ms
2022-12-02 11:22:04.402  INFO 724 --- [main] d.s.w.p.DocumentationPluginsBootstrapper : Context refreshed
2022-12-02 11:22:04.404  INFO 724 --- [main] d.s.w.p.DocumentationPluginsBootstrapper : Found 1 custom documentation plugin(s)
2022-12-02 11:22:04.458  INFO 724 --- [main] s.d.s.w.s.ApiListingReferenceScanner     : Scanning for api listing references
2022-12-02 11:22:04.677  INFO 724 --- [main] c.p.crud.rest.TestContactRestController  : Started TestContactRestController in 4.531 seconds (JVM running for 27.467)
2022-12-02 11:22:05.097  INFO 724 --- [main] c.p.crud.rest.ContactRestController      : ** saveContact() - Contact saved. **
2022-12-02 11:22:06.574  INFO 724 --- [SpringApplicationShutdownHook] j.LocalContainerEntityManagerFactoryBean : Closing JPA EntityManagerFactory for persistence unit 'default'
2022-12-02 11:22:06.587  INFO 724 --- [SpringApplicationShutdownHook] com.zaxxer.hikari.HikariDataSource       : HikariPool-1 - Shutdown initiated...
2022-12-02 11:22:06.673  INFO 724 --- [SpringApplicationShutdownHook] com.zaxxer.hikari.HikariDataSource       : HikariPool-1 - Shutdown completed.
2022-12-02 11:24:34.133  INFO 7628 --- [main] com.phonebook.crud.ApplicationTests      : Starting ApplicationTests using Java 1.8.0_281 on LIN79002363 with PID 7628 (started by tsoodula in C:\Users\TSOODULA\Documents\eclipse workspaces\spring_boot\01-phonebook-web-app)
2022-12-02 11:24:34.139  INFO 7628 --- [main] com.phonebook.crud.ApplicationTests      : No active profile set, falling back to 1 default profile: "default"
2022-12-02 11:24:36.625  INFO 7628 --- [main] .s.d.r.c.RepositoryConfigurationDelegate : Bootstrapping Spring Data JPA repositories in DEFAULT mode.
2022-12-02 11:24:36.858  INFO 7628 --- [main] .s.d.r.c.RepositoryConfigurationDelegate : Finished Spring Data repository scanning in 179 ms. Found 1 JPA repository interfaces.
2022-12-02 11:24:38.684  INFO 7628 --- [main] com.zaxxer.hikari.HikariDataSource       : HikariPool-1 - Starting...
2022-12-02 11:24:39.577  INFO 7628 --- [main] com.zaxxer.hikari.HikariDataSource       : HikariPool-1 - Start completed.
2022-12-02 11:24:39.849  INFO 7628 --- [main] o.hibernate.jpa.internal.util.LogHelper  : HHH000204: Processing PersistenceUnitInfo [name: default]
2022-12-02 11:24:40.119  INFO 7628 --- [main] org.hibernate.Version                    : HHH000412: Hibernate ORM core version 5.6.14.Final
2022-12-02 11:24:40.860  INFO 7628 --- [main] o.hibernate.annotations.common.Version   : HCANN000001: Hibernate Commons Annotations {5.1.2.Final}
2022-12-02 11:24:41.833  INFO 7628 --- [main] org.hibernate.dialect.Dialect            : HHH000400: Using dialect: org.hibernate.dialect.MySQL8Dialect
2022-12-02 11:24:43.917  INFO 7628 --- [main] o.h.e.t.j.p.i.JtaPlatformInitiator       : HHH000490: Using JtaPlatform implementation: [org.hibernate.engine.transaction.jta.platform.internal.NoJtaPlatform]
2022-12-02 11:24:43.961  INFO 7628 --- [main] j.LocalContainerEntityManagerFactoryBean : Initialized JPA EntityManagerFactory for persistence unit 'default'
2022-12-02 11:24:46.325  WARN 7628 --- [main] JpaBaseConfiguration$JpaWebConfiguration : spring.jpa.open-in-view is enabled by default. Therefore, database queries may be performed during view rendering. Explicitly configure spring.jpa.open-in-view to disable this warning
2022-12-02 11:24:47.264  INFO 7628 --- [main] pertySourcedRequestMappingHandlerMapping : Mapped URL path [/v2/api-docs] onto method [springfox.documentation.swagger2.web.Swagger2Controller#getDocumentation(String, HttpServletRequest)]
2022-12-02 11:24:48.954  INFO 7628 --- [main] d.s.w.p.DocumentationPluginsBootstrapper : Context refreshed
2022-12-02 11:24:49.087  INFO 7628 --- [main] d.s.w.p.DocumentationPluginsBootstrapper : Found 1 custom documentation plugin(s)
2022-12-02 11:24:49.288  INFO 7628 --- [main] s.d.s.w.s.ApiListingReferenceScanner     : Scanning for api listing references
2022-12-02 11:24:50.131  INFO 7628 --- [main] com.phonebook.crud.ApplicationTests      : Started ApplicationTests in 17.023 seconds (JVM running for 22.264)
2022-12-02 11:24:50.572  INFO 7628 --- [main] .b.t.a.w.s.WebMvcTestContextBootstrapper : Neither @ContextConfiguration nor @ContextHierarchy found for test class [com.phonebook.crud.rest.TestContactRestController], using SpringBootContextLoader
2022-12-02 11:24:50.575  INFO 7628 --- [main] o.s.t.c.support.AbstractContextLoader    : Could not detect default resource locations for test class [com.phonebook.crud.rest.TestContactRestController]: no resource found for suffixes {-context.xml, Context.groovy}.
2022-12-02 11:24:50.576  INFO 7628 --- [main] t.c.s.AnnotationConfigContextLoaderUtils : Could not detect default configuration classes for test class [com.phonebook.crud.rest.TestContactRestController]: TestContactRestController does not declare any static, non-private, non-final, nested classes annotated with @Configuration.
2022-12-02 11:24:50.662  INFO 7628 --- [main] .b.t.c.SpringBootTestContextBootstrapper : Found @SpringBootConfiguration com.phonebook.crud.Application for test class com.phonebook.crud.rest.TestContactRestController
2022-12-02 11:24:50.663  INFO 7628 --- [main] .b.t.a.w.s.WebMvcTestContextBootstrapper : Loaded default TestExecutionListener class names from location [META-INF/spring.factories]: [org.springframework.boot.test.mock.mockito.MockitoTestExecutionListener, org.springframework.boot.test.mock.mockito.ResetMocksTestExecutionListener, org.springframework.boot.test.autoconfigure.restdocs.RestDocsTestExecutionListener, org.springframework.boot.test.autoconfigure.web.client.MockRestServiceServerResetTestExecutionListener, org.springframework.boot.test.autoconfigure.web.servlet.MockMvcPrintOnlyOnFailureTestExecutionListener, org.springframework.boot.test.autoconfigure.web.servlet.WebDriverTestExecutionListener, org.springframework.boot.test.autoconfigure.webservices.client.MockWebServiceServerTestExecutionListener, org.springframework.test.context.web.ServletTestExecutionListener, org.springframework.test.context.support.DirtiesContextBeforeModesTestExecutionListener, org.springframework.test.context.event.ApplicationEventsTestExecutionListener, org.springframework.test.context.support.DependencyInjectionTestExecutionListener, org.springframework.test.context.support.DirtiesContextTestExecutionListener, org.springframework.test.context.transaction.TransactionalTestExecutionListener, org.springframework.test.context.jdbc.SqlScriptsTestExecutionListener, org.springframework.test.context.event.EventPublishingTestExecutionListener]
2022-12-02 11:24:50.664  INFO 7628 --- [main] .b.t.a.w.s.WebMvcTestContextBootstrapper : Using TestExecutionListeners: [org.springframework.test.context.web.ServletTestExecutionListener@7660a81b, org.springframework.test.context.support.DirtiesContextBeforeModesTestExecutionListener@14fcc063, org.springframework.test.context.event.ApplicationEventsTestExecutionListener@678412b8, org.springframework.boot.test.mock.mockito.MockitoTestExecutionListener@1cf821c9, org.springframework.boot.test.autoconfigure.SpringBootDependencyInjectionTestExecutionListener@6f2b623d, org.springframework.test.context.support.DirtiesContextTestExecutionListener@1da64863, org.springframework.test.context.transaction.TransactionalTestExecutionListener@5af088bd, org.springframework.test.context.jdbc.SqlScriptsTestExecutionListener@75b1c43, org.springframework.test.context.event.EventPublishingTestExecutionListener@3355ac1f, org.springframework.boot.test.mock.mockito.ResetMocksTestExecutionListener@1c9f1f46, org.springframework.boot.test.autoconfigure.restdocs.RestDocsTestExecutionListener@42f4c908, org.springframework.boot.test.autoconfigure.web.client.MockRestServiceServerResetTestExecutionListener@1d926c11, org.springframework.boot.test.autoconfigure.web.servlet.MockMvcPrintOnlyOnFailureTestExecutionListener@3390ee8, org.springframework.boot.test.autoconfigure.web.servlet.WebDriverTestExecutionListener@67b854e6, org.springframework.boot.test.autoconfigure.webservices.client.MockWebServiceServerTestExecutionListener@3606d90]
2022-12-02 11:24:50.784  INFO 7628 --- [main] c.p.crud.rest.TestContactRestController  : Starting TestContactRestController using Java 1.8.0_281 on LIN79002363 with PID 7628 (started by tsoodula in C:\Users\TSOODULA\Documents\eclipse workspaces\spring_boot\01-phonebook-web-app)
2022-12-02 11:24:50.785  INFO 7628 --- [main] c.p.crud.rest.TestContactRestController  : No active profile set, falling back to 1 default profile: "default"
2022-12-02 11:24:52.378  INFO 7628 --- [main] pertySourcedRequestMappingHandlerMapping : Mapped URL path [/v2/api-docs] onto method [springfox.documentation.swagger2.web.Swagger2Controller#getDocumentation(String, HttpServletRequest)]
2022-12-02 11:24:52.986  INFO 7628 --- [main] o.s.b.t.m.w.SpringBootMockServletContext : Initializing Spring TestDispatcherServlet ''
2022-12-02 11:24:52.987  INFO 7628 --- [main] o.s.t.web.servlet.TestDispatcherServlet  : Initializing Servlet ''
2022-12-02 11:24:52.991  INFO 7628 --- [main] o.s.t.web.servlet.TestDispatcherServlet  : Completed initialization in 3 ms
2022-12-02 11:24:53.052  INFO 7628 --- [main] d.s.w.p.DocumentationPluginsBootstrapper : Context refreshed
2022-12-02 11:24:53.055  INFO 7628 --- [main] d.s.w.p.DocumentationPluginsBootstrapper : Found 1 custom documentation plugin(s)
2022-12-02 11:24:53.101  INFO 7628 --- [main] s.d.s.w.s.ApiListingReferenceScanner     : Scanning for api listing references
2022-12-02 11:24:53.315  INFO 7628 --- [main] c.p.crud.rest.TestContactRestController  : Started TestContactRestController in 2.645 seconds (JVM running for 25.448)
2022-12-02 11:24:53.895  INFO 7628 --- [main] c.p.crud.rest.ContactRestController      : ** saveContact() - Contact saved. **
2022-12-02 11:24:53.976  INFO 7628 --- [main] c.p.crud.rest.ContactRestController      : ** saveContact() - Contact was not saved. **
2022-12-02 11:24:55.408  INFO 7628 --- [SpringApplicationShutdownHook] j.LocalContainerEntityManagerFactoryBean : Closing JPA EntityManagerFactory for persistence unit 'default'
2022-12-02 11:24:55.417  INFO 7628 --- [SpringApplicationShutdownHook] com.zaxxer.hikari.HikariDataSource       : HikariPool-1 - Shutdown initiated...
2022-12-02 11:24:55.465  INFO 7628 --- [SpringApplicationShutdownHook] com.zaxxer.hikari.HikariDataSource       : HikariPool-1 - Shutdown completed.
2022-12-02 11:25:37.724  INFO 2640 --- [main] com.phonebook.crud.ApplicationTests      : Starting ApplicationTests using Java 1.8.0_281 on LIN79002363 with PID 2640 (started by tsoodula in C:\Users\TSOODULA\Documents\eclipse workspaces\spring_boot\01-phonebook-web-app)
2022-12-02 11:25:37.748  INFO 2640 --- [main] com.phonebook.crud.ApplicationTests      : No active profile set, falling back to 1 default profile: "default"
2022-12-02 11:25:40.446  INFO 2640 --- [main] .s.d.r.c.RepositoryConfigurationDelegate : Bootstrapping Spring Data JPA repositories in DEFAULT mode.
2022-12-02 11:25:40.804  INFO 2640 --- [main] .s.d.r.c.RepositoryConfigurationDelegate : Finished Spring Data repository scanning in 316 ms. Found 1 JPA repository interfaces.
2022-12-02 11:25:42.559  INFO 2640 --- [main] com.zaxxer.hikari.HikariDataSource       : HikariPool-1 - Starting...
2022-12-02 11:25:43.180  INFO 2640 --- [main] com.zaxxer.hikari.HikariDataSource       : HikariPool-1 - Start completed.
2022-12-02 11:25:43.395  INFO 2640 --- [main] o.hibernate.jpa.internal.util.LogHelper  : HHH000204: Processing PersistenceUnitInfo [name: default]
2022-12-02 11:25:43.625  INFO 2640 --- [main] org.hibernate.Version                    : HHH000412: Hibernate ORM core version 5.6.14.Final
2022-12-02 11:25:44.208  INFO 2640 --- [main] o.hibernate.annotations.common.Version   : HCANN000001: Hibernate Commons Annotations {5.1.2.Final}
2022-12-02 11:25:45.052  INFO 2640 --- [main] org.hibernate.dialect.Dialect            : HHH000400: Using dialect: org.hibernate.dialect.MySQL8Dialect
2022-12-02 11:25:46.918  INFO 2640 --- [main] o.h.e.t.j.p.i.JtaPlatformInitiator       : HHH000490: Using JtaPlatform implementation: [org.hibernate.engine.transaction.jta.platform.internal.NoJtaPlatform]
2022-12-02 11:25:46.965  INFO 2640 --- [main] j.LocalContainerEntityManagerFactoryBean : Initialized JPA EntityManagerFactory for persistence unit 'default'
2022-12-02 11:25:48.682  WARN 2640 --- [main] JpaBaseConfiguration$JpaWebConfiguration : spring.jpa.open-in-view is enabled by default. Therefore, database queries may be performed during view rendering. Explicitly configure spring.jpa.open-in-view to disable this warning
2022-12-02 11:25:49.402  INFO 2640 --- [main] pertySourcedRequestMappingHandlerMapping : Mapped URL path [/v2/api-docs] onto method [springfox.documentation.swagger2.web.Swagger2Controller#getDocumentation(String, HttpServletRequest)]
2022-12-02 11:25:50.781  INFO 2640 --- [main] d.s.w.p.DocumentationPluginsBootstrapper : Context refreshed
2022-12-02 11:25:50.884  INFO 2640 --- [main] d.s.w.p.DocumentationPluginsBootstrapper : Found 1 custom documentation plugin(s)
2022-12-02 11:25:51.049  INFO 2640 --- [main] s.d.s.w.s.ApiListingReferenceScanner     : Scanning for api listing references
2022-12-02 11:25:51.663  INFO 2640 --- [main] com.phonebook.crud.ApplicationTests      : Started ApplicationTests in 15.067 seconds (JVM running for 20.411)
2022-12-02 11:25:51.952  INFO 2640 --- [main] .b.t.a.w.s.WebMvcTestContextBootstrapper : Neither @ContextConfiguration nor @ContextHierarchy found for test class [com.phonebook.crud.rest.TestContactRestController], using SpringBootContextLoader
2022-12-02 11:25:51.953  INFO 2640 --- [main] o.s.t.c.support.AbstractContextLoader    : Could not detect default resource locations for test class [com.phonebook.crud.rest.TestContactRestController]: no resource found for suffixes {-context.xml, Context.groovy}.
2022-12-02 11:25:51.955  INFO 2640 --- [main] t.c.s.AnnotationConfigContextLoaderUtils : Could not detect default configuration classes for test class [com.phonebook.crud.rest.TestContactRestController]: TestContactRestController does not declare any static, non-private, non-final, nested classes annotated with @Configuration.
2022-12-02 11:25:51.999  INFO 2640 --- [main] .b.t.c.SpringBootTestContextBootstrapper : Found @SpringBootConfiguration com.phonebook.crud.Application for test class com.phonebook.crud.rest.TestContactRestController
2022-12-02 11:25:52.001  INFO 2640 --- [main] .b.t.a.w.s.WebMvcTestContextBootstrapper : Loaded default TestExecutionListener class names from location [META-INF/spring.factories]: [org.springframework.boot.test.mock.mockito.MockitoTestExecutionListener, org.springframework.boot.test.mock.mockito.ResetMocksTestExecutionListener, org.springframework.boot.test.autoconfigure.restdocs.RestDocsTestExecutionListener, org.springframework.boot.test.autoconfigure.web.client.MockRestServiceServerResetTestExecutionListener, org.springframework.boot.test.autoconfigure.web.servlet.MockMvcPrintOnlyOnFailureTestExecutionListener, org.springframework.boot.test.autoconfigure.web.servlet.WebDriverTestExecutionListener, org.springframework.boot.test.autoconfigure.webservices.client.MockWebServiceServerTestExecutionListener, org.springframework.test.context.web.ServletTestExecutionListener, org.springframework.test.context.support.DirtiesContextBeforeModesTestExecutionListener, org.springframework.test.context.event.ApplicationEventsTestExecutionListener, org.springframework.test.context.support.DependencyInjectionTestExecutionListener, org.springframework.test.context.support.DirtiesContextTestExecutionListener, org.springframework.test.context.transaction.TransactionalTestExecutionListener, org.springframework.test.context.jdbc.SqlScriptsTestExecutionListener, org.springframework.test.context.event.EventPublishingTestExecutionListener]
2022-12-02 11:25:52.003  INFO 2640 --- [main] .b.t.a.w.s.WebMvcTestContextBootstrapper : Using TestExecutionListeners: [org.springframework.test.context.web.ServletTestExecutionListener@3606d90, org.springframework.test.context.support.DirtiesContextBeforeModesTestExecutionListener@d1c7b09, org.springframework.test.context.event.ApplicationEventsTestExecutionListener@46196a0c, org.springframework.boot.test.mock.mockito.MockitoTestExecutionListener@63a3094d, org.springframework.boot.test.autoconfigure.SpringBootDependencyInjectionTestExecutionListener@63afe444, org.springframework.test.context.support.DirtiesContextTestExecutionListener@d051f0b, org.springframework.test.context.transaction.TransactionalTestExecutionListener@415dad, org.springframework.test.context.jdbc.SqlScriptsTestExecutionListener@7bd3d589, org.springframework.test.context.event.EventPublishingTestExecutionListener@67429373, org.springframework.boot.test.mock.mockito.ResetMocksTestExecutionListener@429a25d7, org.springframework.boot.test.autoconfigure.restdocs.RestDocsTestExecutionListener@483cb41c, org.springframework.boot.test.autoconfigure.web.client.MockRestServiceServerResetTestExecutionListener@2da65f0f, org.springframework.boot.test.autoconfigure.web.servlet.MockMvcPrintOnlyOnFailureTestExecutionListener@5e0c98c3, org.springframework.boot.test.autoconfigure.web.servlet.WebDriverTestExecutionListener@4d2baa48, org.springframework.boot.test.autoconfigure.webservices.client.MockWebServiceServerTestExecutionListener@601a6ba5]
2022-12-02 11:25:52.125  INFO 2640 --- [main] c.p.crud.rest.TestContactRestController  : Starting TestContactRestController using Java 1.8.0_281 on LIN79002363 with PID 2640 (started by tsoodula in C:\Users\TSOODULA\Documents\eclipse workspaces\spring_boot\01-phonebook-web-app)
2022-12-02 11:25:52.126  INFO 2640 --- [main] c.p.crud.rest.TestContactRestController  : No active profile set, falling back to 1 default profile: "default"
2022-12-02 11:25:53.706  INFO 2640 --- [main] pertySourcedRequestMappingHandlerMapping : Mapped URL path [/v2/api-docs] onto method [springfox.documentation.swagger2.web.Swagger2Controller#getDocumentation(String, HttpServletRequest)]
2022-12-02 11:25:54.193  INFO 2640 --- [main] o.s.b.t.m.w.SpringBootMockServletContext : Initializing Spring TestDispatcherServlet ''
2022-12-02 11:25:54.193  INFO 2640 --- [main] o.s.t.web.servlet.TestDispatcherServlet  : Initializing Servlet ''
2022-12-02 11:25:54.195  INFO 2640 --- [main] o.s.t.web.servlet.TestDispatcherServlet  : Completed initialization in 1 ms
2022-12-02 11:25:54.231  INFO 2640 --- [main] d.s.w.p.DocumentationPluginsBootstrapper : Context refreshed
2022-12-02 11:25:54.233  INFO 2640 --- [main] d.s.w.p.DocumentationPluginsBootstrapper : Found 1 custom documentation plugin(s)
2022-12-02 11:25:54.267  INFO 2640 --- [main] s.d.s.w.s.ApiListingReferenceScanner     : Scanning for api listing references
2022-12-02 11:25:54.485  INFO 2640 --- [main] c.p.crud.rest.TestContactRestController  : Started TestContactRestController in 2.468 seconds (JVM running for 23.233)
2022-12-02 11:25:54.972  INFO 2640 --- [main] c.p.crud.rest.ContactRestController      : ** saveContact() - Contact saved. **
2022-12-02 11:25:55.038  INFO 2640 --- [main] c.p.crud.rest.ContactRestController      : ** saveContact() - Contact was not saved. **
2022-12-02 11:25:56.451  INFO 2640 --- [SpringApplicationShutdownHook] j.LocalContainerEntityManagerFactoryBean : Closing JPA EntityManagerFactory for persistence unit 'default'
2022-12-02 11:25:56.462  INFO 2640 --- [SpringApplicationShutdownHook] com.zaxxer.hikari.HikariDataSource       : HikariPool-1 - Shutdown initiated...
2022-12-02 11:25:56.506  INFO 2640 --- [SpringApplicationShutdownHook] com.zaxxer.hikari.HikariDataSource       : HikariPool-1 - Shutdown completed.
2022-12-02 14:44:13.034  INFO 11220 --- [main] com.phonebook.crud.ApplicationTests      : Starting ApplicationTests using Java 1.8.0_281 on LIN79002363 with PID 11220 (started by tsoodula in C:\Users\TSOODULA\Documents\eclipse workspaces\spring_boot\01-phonebook-web-app)
2022-12-02 14:44:13.040  INFO 11220 --- [main] com.phonebook.crud.ApplicationTests      : No active profile set, falling back to 1 default profile: "default"
2022-12-02 14:44:16.120  INFO 11220 --- [main] .s.d.r.c.RepositoryConfigurationDelegate : Bootstrapping Spring Data JPA repositories in DEFAULT mode.
2022-12-02 14:44:16.385  INFO 11220 --- [main] .s.d.r.c.RepositoryConfigurationDelegate : Finished Spring Data repository scanning in 213 ms. Found 1 JPA repository interfaces.
2022-12-02 14:44:18.137  INFO 11220 --- [main] com.zaxxer.hikari.HikariDataSource       : HikariPool-1 - Starting...
2022-12-02 14:44:18.906  INFO 11220 --- [main] com.zaxxer.hikari.HikariDataSource       : HikariPool-1 - Start completed.
2022-12-02 14:44:19.134  INFO 11220 --- [main] o.hibernate.jpa.internal.util.LogHelper  : HHH000204: Processing PersistenceUnitInfo [name: default]
2022-12-02 14:44:19.414  INFO 11220 --- [main] org.hibernate.Version                    : HHH000412: Hibernate ORM core version 5.6.14.Final
2022-12-02 14:44:20.272  INFO 11220 --- [main] o.hibernate.annotations.common.Version   : HCANN000001: Hibernate Commons Annotations {5.1.2.Final}
2022-12-02 14:44:21.459  INFO 11220 --- [main] org.hibernate.dialect.Dialect            : HHH000400: Using dialect: org.hibernate.dialect.MySQL8Dialect
2022-12-02 14:44:23.928  INFO 11220 --- [main] o.h.e.t.j.p.i.JtaPlatformInitiator       : HHH000490: Using JtaPlatform implementation: [org.hibernate.engine.transaction.jta.platform.internal.NoJtaPlatform]
2022-12-02 14:44:23.993  INFO 11220 --- [main] j.LocalContainerEntityManagerFactoryBean : Initialized JPA EntityManagerFactory for persistence unit 'default'
2022-12-02 14:44:26.296  WARN 11220 --- [main] JpaBaseConfiguration$JpaWebConfiguration : spring.jpa.open-in-view is enabled by default. Therefore, database queries may be performed during view rendering. Explicitly configure spring.jpa.open-in-view to disable this warning
2022-12-02 14:44:27.463  INFO 11220 --- [main] pertySourcedRequestMappingHandlerMapping : Mapped URL path [/v2/api-docs] onto method [springfox.documentation.swagger2.web.Swagger2Controller#getDocumentation(String, HttpServletRequest)]
2022-12-02 14:44:29.215  INFO 11220 --- [main] d.s.w.p.DocumentationPluginsBootstrapper : Context refreshed
2022-12-02 14:44:29.331  INFO 11220 --- [main] d.s.w.p.DocumentationPluginsBootstrapper : Found 1 custom documentation plugin(s)
2022-12-02 14:44:29.485  INFO 11220 --- [main] s.d.s.w.s.ApiListingReferenceScanner     : Scanning for api listing references
2022-12-02 14:44:30.195  INFO 11220 --- [main] com.phonebook.crud.ApplicationTests      : Started ApplicationTests in 18.384 seconds (JVM running for 22.938)
2022-12-02 14:44:30.568  INFO 11220 --- [main] .b.t.a.w.s.WebMvcTestContextBootstrapper : Neither @ContextConfiguration nor @ContextHierarchy found for test class [com.phonebook.crud.rest.TestContactRestController], using SpringBootContextLoader
2022-12-02 14:44:30.569  INFO 11220 --- [main] o.s.t.c.support.AbstractContextLoader    : Could not detect default resource locations for test class [com.phonebook.crud.rest.TestContactRestController]: no resource found for suffixes {-context.xml, Context.groovy}.
2022-12-02 14:44:30.570  INFO 11220 --- [main] t.c.s.AnnotationConfigContextLoaderUtils : Could not detect default configuration classes for test class [com.phonebook.crud.rest.TestContactRestController]: TestContactRestController does not declare any static, non-private, non-final, nested classes annotated with @Configuration.
2022-12-02 14:44:30.662  INFO 11220 --- [main] .b.t.c.SpringBootTestContextBootstrapper : Found @SpringBootConfiguration com.phonebook.crud.Application for test class com.phonebook.crud.rest.TestContactRestController
2022-12-02 14:44:30.667  INFO 11220 --- [main] .b.t.a.w.s.WebMvcTestContextBootstrapper : Loaded default TestExecutionListener class names from location [META-INF/spring.factories]: [org.springframework.boot.test.mock.mockito.MockitoTestExecutionListener, org.springframework.boot.test.mock.mockito.ResetMocksTestExecutionListener, org.springframework.boot.test.autoconfigure.restdocs.RestDocsTestExecutionListener, org.springframework.boot.test.autoconfigure.web.client.MockRestServiceServerResetTestExecutionListener, org.springframework.boot.test.autoconfigure.web.servlet.MockMvcPrintOnlyOnFailureTestExecutionListener, org.springframework.boot.test.autoconfigure.web.servlet.WebDriverTestExecutionListener, org.springframework.boot.test.autoconfigure.webservices.client.MockWebServiceServerTestExecutionListener, org.springframework.test.context.web.ServletTestExecutionListener, org.springframework.test.context.support.DirtiesContextBeforeModesTestExecutionListener, org.springframework.test.context.event.ApplicationEventsTestExecutionListener, org.springframework.test.context.support.DependencyInjectionTestExecutionListener, org.springframework.test.context.support.DirtiesContextTestExecutionListener, org.springframework.test.context.transaction.TransactionalTestExecutionListener, org.springframework.test.context.jdbc.SqlScriptsTestExecutionListener, org.springframework.test.context.event.EventPublishingTestExecutionListener]
2022-12-02 14:44:30.670  INFO 11220 --- [main] .b.t.a.w.s.WebMvcTestContextBootstrapper : Using TestExecutionListeners: [org.springframework.test.context.web.ServletTestExecutionListener@1d926c11, org.springframework.test.context.support.DirtiesContextBeforeModesTestExecutionListener@3390ee8, org.springframework.test.context.event.ApplicationEventsTestExecutionListener@67b854e6, org.springframework.boot.test.mock.mockito.MockitoTestExecutionListener@3606d90, org.springframework.boot.test.autoconfigure.SpringBootDependencyInjectionTestExecutionListener@d1c7b09, org.springframework.test.context.support.DirtiesContextTestExecutionListener@46196a0c, org.springframework.test.context.transaction.TransactionalTestExecutionListener@63a3094d, org.springframework.test.context.jdbc.SqlScriptsTestExecutionListener@63afe444, org.springframework.test.context.event.EventPublishingTestExecutionListener@d051f0b, org.springframework.boot.test.mock.mockito.ResetMocksTestExecutionListener@415dad, org.springframework.boot.test.autoconfigure.restdocs.RestDocsTestExecutionListener@7bd3d589, org.springframework.boot.test.autoconfigure.web.client.MockRestServiceServerResetTestExecutionListener@67429373, org.springframework.boot.test.autoconfigure.web.servlet.MockMvcPrintOnlyOnFailureTestExecutionListener@429a25d7, org.springframework.boot.test.autoconfigure.web.servlet.WebDriverTestExecutionListener@483cb41c, org.springframework.boot.test.autoconfigure.webservices.client.MockWebServiceServerTestExecutionListener@2da65f0f]
2022-12-02 14:44:30.792  INFO 11220 --- [main] c.p.crud.rest.TestContactRestController  : Starting TestContactRestController using Java 1.8.0_281 on LIN79002363 with PID 11220 (started by tsoodula in C:\Users\TSOODULA\Documents\eclipse workspaces\spring_boot\01-phonebook-web-app)
2022-12-02 14:44:30.793  INFO 11220 --- [main] c.p.crud.rest.TestContactRestController  : No active profile set, falling back to 1 default profile: "default"
2022-12-02 14:44:32.548  INFO 11220 --- [main] pertySourcedRequestMappingHandlerMapping : Mapped URL path [/v2/api-docs] onto method [springfox.documentation.swagger2.web.Swagger2Controller#getDocumentation(String, HttpServletRequest)]
2022-12-02 14:44:33.219  INFO 11220 --- [main] o.s.b.t.m.w.SpringBootMockServletContext : Initializing Spring TestDispatcherServlet ''
2022-12-02 14:44:33.221  INFO 11220 --- [main] o.s.t.web.servlet.TestDispatcherServlet  : Initializing Servlet ''
2022-12-02 14:44:33.227  INFO 11220 --- [main] o.s.t.web.servlet.TestDispatcherServlet  : Completed initialization in 5 ms
2022-12-02 14:44:33.333  INFO 11220 --- [main] d.s.w.p.DocumentationPluginsBootstrapper : Context refreshed
2022-12-02 14:44:33.336  INFO 11220 --- [main] d.s.w.p.DocumentationPluginsBootstrapper : Found 1 custom documentation plugin(s)
2022-12-02 14:44:33.384  INFO 11220 --- [main] s.d.s.w.s.ApiListingReferenceScanner     : Scanning for api listing references
2022-12-02 14:44:33.783  INFO 11220 --- [main] c.p.crud.rest.TestContactRestController  : Started TestContactRestController in 3.104 seconds (JVM running for 26.527)
2022-12-02 14:44:34.377  INFO 11220 --- [main] c.p.crud.rest.ContactRestController      : ** saveContact() - Contact saved. **
2022-12-02 14:44:34.465  INFO 11220 --- [main] c.p.crud.rest.ContactRestController      : ** saveContact() - Contact was not saved. **
2022-12-02 14:44:34.509 ERROR 11220 --- [main] c.p.crud.rest.ContactRestController      : ** saveContact() - Exception occured null
2022-12-02 14:44:34.510  INFO 11220 --- [main] c.p.crud.rest.ContactRestController      : ** saveContact() - Contact was not saved. **
2022-12-02 14:44:35.848  INFO 11220 --- [SpringApplicationShutdownHook] j.LocalContainerEntityManagerFactoryBean : Closing JPA EntityManagerFactory for persistence unit 'default'
2022-12-02 14:44:35.863  INFO 11220 --- [SpringApplicationShutdownHook] com.zaxxer.hikari.HikariDataSource       : HikariPool-1 - Shutdown initiated...
2022-12-02 14:44:35.922  INFO 11220 --- [SpringApplicationShutdownHook] com.zaxxer.hikari.HikariDataSource       : HikariPool-1 - Shutdown completed.
2022-12-02 14:56:21.132  INFO 14508 --- [main] com.phonebook.crud.ApplicationTests      : Starting ApplicationTests using Java 1.8.0_281 on LIN79002363 with PID 14508 (started by tsoodula in C:\Users\TSOODULA\Documents\eclipse workspaces\spring_boot\01-phonebook-web-app)
2022-12-02 14:56:21.141  INFO 14508 --- [main] com.phonebook.crud.ApplicationTests      : No active profile set, falling back to 1 default profile: "default"
2022-12-02 14:56:24.196  INFO 14508 --- [main] .s.d.r.c.RepositoryConfigurationDelegate : Bootstrapping Spring Data JPA repositories in DEFAULT mode.
2022-12-02 14:56:24.437  INFO 14508 --- [main] .s.d.r.c.RepositoryConfigurationDelegate : Finished Spring Data repository scanning in 203 ms. Found 1 JPA repository interfaces.
2022-12-02 14:56:26.330  INFO 14508 --- [main] com.zaxxer.hikari.HikariDataSource       : HikariPool-1 - Starting...
2022-12-02 14:56:27.057  INFO 14508 --- [main] com.zaxxer.hikari.HikariDataSource       : HikariPool-1 - Start completed.
2022-12-02 14:56:27.309  INFO 14508 --- [main] o.hibernate.jpa.internal.util.LogHelper  : HHH000204: Processing PersistenceUnitInfo [name: default]
2022-12-02 14:56:27.584  INFO 14508 --- [main] org.hibernate.Version                    : HHH000412: Hibernate ORM core version 5.6.14.Final
2022-12-02 14:56:28.351  INFO 14508 --- [main] o.hibernate.annotations.common.Version   : HCANN000001: Hibernate Commons Annotations {5.1.2.Final}
2022-12-02 14:56:29.339  INFO 14508 --- [main] org.hibernate.dialect.Dialect            : HHH000400: Using dialect: org.hibernate.dialect.MySQL8Dialect
2022-12-02 14:56:31.522  INFO 14508 --- [main] o.h.e.t.j.p.i.JtaPlatformInitiator       : HHH000490: Using JtaPlatform implementation: [org.hibernate.engine.transaction.jta.platform.internal.NoJtaPlatform]
2022-12-02 14:56:31.557  INFO 14508 --- [main] j.LocalContainerEntityManagerFactoryBean : Initialized JPA EntityManagerFactory for persistence unit 'default'
2022-12-02 14:56:33.577  WARN 14508 --- [main] JpaBaseConfiguration$JpaWebConfiguration : spring.jpa.open-in-view is enabled by default. Therefore, database queries may be performed during view rendering. Explicitly configure spring.jpa.open-in-view to disable this warning
2022-12-02 14:56:34.495  INFO 14508 --- [main] pertySourcedRequestMappingHandlerMapping : Mapped URL path [/v2/api-docs] onto method [springfox.documentation.swagger2.web.Swagger2Controller#getDocumentation(String, HttpServletRequest)]
2022-12-02 14:56:36.173  INFO 14508 --- [main] d.s.w.p.DocumentationPluginsBootstrapper : Context refreshed
2022-12-02 14:56:36.317  INFO 14508 --- [main] d.s.w.p.DocumentationPluginsBootstrapper : Found 1 custom documentation plugin(s)
2022-12-02 14:56:36.524  INFO 14508 --- [main] s.d.s.w.s.ApiListingReferenceScanner     : Scanning for api listing references
2022-12-02 14:56:37.501  INFO 14508 --- [main] com.phonebook.crud.ApplicationTests      : Started ApplicationTests in 17.699 seconds (JVM running for 22.512)
2022-12-02 14:56:37.915  INFO 14508 --- [main] .b.t.a.w.s.WebMvcTestContextBootstrapper : Neither @ContextConfiguration nor @ContextHierarchy found for test class [com.phonebook.crud.rest.TestContactRestController], using SpringBootContextLoader
2022-12-02 14:56:37.918  INFO 14508 --- [main] o.s.t.c.support.AbstractContextLoader    : Could not detect default resource locations for test class [com.phonebook.crud.rest.TestContactRestController]: no resource found for suffixes {-context.xml, Context.groovy}.
2022-12-02 14:56:37.919  INFO 14508 --- [main] t.c.s.AnnotationConfigContextLoaderUtils : Could not detect default configuration classes for test class [com.phonebook.crud.rest.TestContactRestController]: TestContactRestController does not declare any static, non-private, non-final, nested classes annotated with @Configuration.
2022-12-02 14:56:38.016  INFO 14508 --- [main] .b.t.c.SpringBootTestContextBootstrapper : Found @SpringBootConfiguration com.phonebook.crud.Application for test class com.phonebook.crud.rest.TestContactRestController
2022-12-02 14:56:38.021  INFO 14508 --- [main] .b.t.a.w.s.WebMvcTestContextBootstrapper : Loaded default TestExecutionListener class names from location [META-INF/spring.factories]: [org.springframework.boot.test.mock.mockito.MockitoTestExecutionListener, org.springframework.boot.test.mock.mockito.ResetMocksTestExecutionListener, org.springframework.boot.test.autoconfigure.restdocs.RestDocsTestExecutionListener, org.springframework.boot.test.autoconfigure.web.client.MockRestServiceServerResetTestExecutionListener, org.springframework.boot.test.autoconfigure.web.servlet.MockMvcPrintOnlyOnFailureTestExecutionListener, org.springframework.boot.test.autoconfigure.web.servlet.WebDriverTestExecutionListener, org.springframework.boot.test.autoconfigure.webservices.client.MockWebServiceServerTestExecutionListener, org.springframework.test.context.web.ServletTestExecutionListener, org.springframework.test.context.support.DirtiesContextBeforeModesTestExecutionListener, org.springframework.test.context.event.ApplicationEventsTestExecutionListener, org.springframework.test.context.support.DependencyInjectionTestExecutionListener, org.springframework.test.context.support.DirtiesContextTestExecutionListener, org.springframework.test.context.transaction.TransactionalTestExecutionListener, org.springframework.test.context.jdbc.SqlScriptsTestExecutionListener, org.springframework.test.context.event.EventPublishingTestExecutionListener]
2022-12-02 14:56:38.023  INFO 14508 --- [main] .b.t.a.w.s.WebMvcTestContextBootstrapper : Using TestExecutionListeners: [org.springframework.test.context.web.ServletTestExecutionListener@5e0c98c3, org.springframework.test.context.support.DirtiesContextBeforeModesTestExecutionListener@4d2baa48, org.springframework.test.context.event.ApplicationEventsTestExecutionListener@601a6ba5, org.springframework.boot.test.mock.mockito.MockitoTestExecutionListener@7fdb0e8e, org.springframework.boot.test.autoconfigure.SpringBootDependencyInjectionTestExecutionListener@45ab4b36, org.springframework.test.context.support.DirtiesContextTestExecutionListener@55c2c021, org.springframework.test.context.transaction.TransactionalTestExecutionListener@66b6de7f, org.springframework.test.context.jdbc.SqlScriptsTestExecutionListener@41be1359, org.springframework.test.context.event.EventPublishingTestExecutionListener@5ed312a3, org.springframework.boot.test.mock.mockito.ResetMocksTestExecutionListener@1dd30290, org.springframework.boot.test.autoconfigure.restdocs.RestDocsTestExecutionListener@4dc66273, org.springframework.boot.test.autoconfigure.web.client.MockRestServiceServerResetTestExecutionListener@7c539449, org.springframework.boot.test.autoconfigure.web.servlet.MockMvcPrintOnlyOnFailureTestExecutionListener@3a53c76a, org.springframework.boot.test.autoconfigure.web.servlet.WebDriverTestExecutionListener@3f119532, org.springframework.boot.test.autoconfigure.webservices.client.MockWebServiceServerTestExecutionListener@41babd59]
2022-12-02 14:56:38.146  INFO 14508 --- [main] c.p.crud.rest.TestContactRestController  : Starting TestContactRestController using Java 1.8.0_281 on LIN79002363 with PID 14508 (started by tsoodula in C:\Users\TSOODULA\Documents\eclipse workspaces\spring_boot\01-phonebook-web-app)
2022-12-02 14:56:38.148  INFO 14508 --- [main] c.p.crud.rest.TestContactRestController  : No active profile set, falling back to 1 default profile: "default"
2022-12-02 14:56:39.638  INFO 14508 --- [main] pertySourcedRequestMappingHandlerMapping : Mapped URL path [/v2/api-docs] onto method [springfox.documentation.swagger2.web.Swagger2Controller#getDocumentation(String, HttpServletRequest)]
2022-12-02 14:56:40.197  INFO 14508 --- [main] o.s.b.t.m.w.SpringBootMockServletContext : Initializing Spring TestDispatcherServlet ''
2022-12-02 14:56:40.198  INFO 14508 --- [main] o.s.t.web.servlet.TestDispatcherServlet  : Initializing Servlet ''
2022-12-02 14:56:40.200  INFO 14508 --- [main] o.s.t.web.servlet.TestDispatcherServlet  : Completed initialization in 2 ms
2022-12-02 14:56:40.241  INFO 14508 --- [main] d.s.w.p.DocumentationPluginsBootstrapper : Context refreshed
2022-12-02 14:56:40.244  INFO 14508 --- [main] d.s.w.p.DocumentationPluginsBootstrapper : Found 1 custom documentation plugin(s)
2022-12-02 14:56:40.278  INFO 14508 --- [main] s.d.s.w.s.ApiListingReferenceScanner     : Scanning for api listing references
2022-12-02 14:56:40.581  INFO 14508 --- [main] c.p.crud.rest.TestContactRestController  : Started TestContactRestController in 2.55 seconds (JVM running for 25.591)
2022-12-02 14:56:41.195  INFO 14508 --- [main] c.p.crud.rest.ContactRestController      : ** findAllContacts() - No contacts found in the DB **
2022-12-02 14:56:41.816  INFO 14508 --- [main] c.p.crud.rest.ContactRestController      : ** saveContact() - Contact saved. **
2022-12-02 14:56:41.847  INFO 14508 --- [main] c.p.crud.rest.ContactRestController      : ** saveContact() - Contact was not saved. **
2022-12-02 14:56:41.896 ERROR 14508 --- [main] c.p.crud.rest.ContactRestController      : ** saveContact() - Exception occured null
2022-12-02 14:56:41.897  INFO 14508 --- [main] c.p.crud.rest.ContactRestController      : ** saveContact() - Contact was not saved. **
2022-12-02 14:56:42.013  INFO 14508 --- [SpringApplicationShutdownHook] j.LocalContainerEntityManagerFactoryBean : Closing JPA EntityManagerFactory for persistence unit 'default'
2022-12-02 14:56:42.025  INFO 14508 --- [SpringApplicationShutdownHook] com.zaxxer.hikari.HikariDataSource       : HikariPool-1 - Shutdown initiated...
2022-12-02 14:56:43.273  INFO 14508 --- [SpringApplicationShutdownHook] com.zaxxer.hikari.HikariDataSource       : HikariPool-1 - Shutdown completed.
2022-12-02 14:57:17.980  INFO 7184 --- [main] com.phonebook.crud.ApplicationTests      : Starting ApplicationTests using Java 1.8.0_281 on LIN79002363 with PID 7184 (started by tsoodula in C:\Users\TSOODULA\Documents\eclipse workspaces\spring_boot\01-phonebook-web-app)
2022-12-02 14:57:17.992  INFO 7184 --- [main] com.phonebook.crud.ApplicationTests      : No active profile set, falling back to 1 default profile: "default"
2022-12-02 14:57:21.601  INFO 7184 --- [main] .s.d.r.c.RepositoryConfigurationDelegate : Bootstrapping Spring Data JPA repositories in DEFAULT mode.
2022-12-02 14:57:21.831  INFO 7184 --- [main] .s.d.r.c.RepositoryConfigurationDelegate : Finished Spring Data repository scanning in 185 ms. Found 1 JPA repository interfaces.
2022-12-02 14:57:24.511  INFO 7184 --- [main] com.zaxxer.hikari.HikariDataSource       : HikariPool-1 - Starting...
2022-12-02 14:57:25.327  INFO 7184 --- [main] com.zaxxer.hikari.HikariDataSource       : HikariPool-1 - Start completed.
2022-12-02 14:57:25.601  INFO 7184 --- [main] o.hibernate.jpa.internal.util.LogHelper  : HHH000204: Processing PersistenceUnitInfo [name: default]
2022-12-02 14:57:25.836  INFO 7184 --- [main] org.hibernate.Version                    : HHH000412: Hibernate ORM core version 5.6.14.Final
2022-12-02 14:57:26.661  INFO 7184 --- [main] o.hibernate.annotations.common.Version   : HCANN000001: Hibernate Commons Annotations {5.1.2.Final}
2022-12-02 14:57:27.881  INFO 7184 --- [main] org.hibernate.dialect.Dialect            : HHH000400: Using dialect: org.hibernate.dialect.MySQL8Dialect
2022-12-02 14:57:30.394  INFO 7184 --- [main] o.h.e.t.j.p.i.JtaPlatformInitiator       : HHH000490: Using JtaPlatform implementation: [org.hibernate.engine.transaction.jta.platform.internal.NoJtaPlatform]
2022-12-02 14:57:30.434  INFO 7184 --- [main] j.LocalContainerEntityManagerFactoryBean : Initialized JPA EntityManagerFactory for persistence unit 'default'
2022-12-02 14:57:33.040  WARN 7184 --- [main] JpaBaseConfiguration$JpaWebConfiguration : spring.jpa.open-in-view is enabled by default. Therefore, database queries may be performed during view rendering. Explicitly configure spring.jpa.open-in-view to disable this warning
2022-12-02 14:57:34.072  INFO 7184 --- [main] pertySourcedRequestMappingHandlerMapping : Mapped URL path [/v2/api-docs] onto method [springfox.documentation.swagger2.web.Swagger2Controller#getDocumentation(String, HttpServletRequest)]
2022-12-02 14:57:36.691  INFO 7184 --- [main] d.s.w.p.DocumentationPluginsBootstrapper : Context refreshed
2022-12-02 14:57:36.810  INFO 7184 --- [main] d.s.w.p.DocumentationPluginsBootstrapper : Found 1 custom documentation plugin(s)
2022-12-02 14:57:36.997  INFO 7184 --- [main] s.d.s.w.s.ApiListingReferenceScanner     : Scanning for api listing references
2022-12-02 14:57:38.077  INFO 7184 --- [main] com.phonebook.crud.ApplicationTests      : Started ApplicationTests in 21.581 seconds (JVM running for 27.083)
2022-12-02 14:57:38.642  INFO 7184 --- [main] .b.t.a.w.s.WebMvcTestContextBootstrapper : Neither @ContextConfiguration nor @ContextHierarchy found for test class [com.phonebook.crud.rest.TestContactRestController], using SpringBootContextLoader
2022-12-02 14:57:38.647  INFO 7184 --- [main] o.s.t.c.support.AbstractContextLoader    : Could not detect default resource locations for test class [com.phonebook.crud.rest.TestContactRestController]: no resource found for suffixes {-context.xml, Context.groovy}.
2022-12-02 14:57:38.649  INFO 7184 --- [main] t.c.s.AnnotationConfigContextLoaderUtils : Could not detect default configuration classes for test class [com.phonebook.crud.rest.TestContactRestController]: TestContactRestController does not declare any static, non-private, non-final, nested classes annotated with @Configuration.
2022-12-02 14:57:38.742  INFO 7184 --- [main] .b.t.c.SpringBootTestContextBootstrapper : Found @SpringBootConfiguration com.phonebook.crud.Application for test class com.phonebook.crud.rest.TestContactRestController
2022-12-02 14:57:38.746  INFO 7184 --- [main] .b.t.a.w.s.WebMvcTestContextBootstrapper : Loaded default TestExecutionListener class names from location [META-INF/spring.factories]: [org.springframework.boot.test.mock.mockito.MockitoTestExecutionListener, org.springframework.boot.test.mock.mockito.ResetMocksTestExecutionListener, org.springframework.boot.test.autoconfigure.restdocs.RestDocsTestExecutionListener, org.springframework.boot.test.autoconfigure.web.client.MockRestServiceServerResetTestExecutionListener, org.springframework.boot.test.autoconfigure.web.servlet.MockMvcPrintOnlyOnFailureTestExecutionListener, org.springframework.boot.test.autoconfigure.web.servlet.WebDriverTestExecutionListener, org.springframework.boot.test.autoconfigure.webservices.client.MockWebServiceServerTestExecutionListener, org.springframework.test.context.web.ServletTestExecutionListener, org.springframework.test.context.support.DirtiesContextBeforeModesTestExecutionListener, org.springframework.test.context.event.ApplicationEventsTestExecutionListener, org.springframework.test.context.support.DependencyInjectionTestExecutionListener, org.springframework.test.context.support.DirtiesContextTestExecutionListener, org.springframework.test.context.transaction.TransactionalTestExecutionListener, org.springframework.test.context.jdbc.SqlScriptsTestExecutionListener, org.springframework.test.context.event.EventPublishingTestExecutionListener]
2022-12-02 14:57:38.750  INFO 7184 --- [main] .b.t.a.w.s.WebMvcTestContextBootstrapper : Using TestExecutionListeners: [org.springframework.test.context.web.ServletTestExecutionListener@41babd59, org.springframework.test.context.support.DirtiesContextBeforeModesTestExecutionListener@212b98fb, org.springframework.test.context.event.ApplicationEventsTestExecutionListener@5676323, org.springframework.boot.test.mock.mockito.MockitoTestExecutionListener@366cdeb8, org.springframework.boot.test.autoconfigure.SpringBootDependencyInjectionTestExecutionListener@22a8ed59, org.springframework.test.context.support.DirtiesContextTestExecutionListener@5f3945b7, org.springframework.test.context.transaction.TransactionalTestExecutionListener@61794b08, org.springframework.test.context.jdbc.SqlScriptsTestExecutionListener@3130c081, org.springframework.test.context.event.EventPublishingTestExecutionListener@549731db, org.springframework.boot.test.mock.mockito.ResetMocksTestExecutionListener@4116c203, org.springframework.boot.test.autoconfigure.restdocs.RestDocsTestExecutionListener@6a9ce022, org.springframework.boot.test.autoconfigure.web.client.MockRestServiceServerResetTestExecutionListener@5d9f0138, org.springframework.boot.test.autoconfigure.web.servlet.MockMvcPrintOnlyOnFailureTestExecutionListener@30ebeab9, org.springframework.boot.test.autoconfigure.web.servlet.WebDriverTestExecutionListener@471a207d, org.springframework.boot.test.autoconfigure.webservices.client.MockWebServiceServerTestExecutionListener@4a8a454c]
2022-12-02 14:57:39.079  INFO 7184 --- [main] c.p.crud.rest.TestContactRestController  : Starting TestContactRestController using Java 1.8.0_281 on LIN79002363 with PID 7184 (started by tsoodula in C:\Users\TSOODULA\Documents\eclipse workspaces\spring_boot\01-phonebook-web-app)
2022-12-02 14:57:39.080  INFO 7184 --- [main] c.p.crud.rest.TestContactRestController  : No active profile set, falling back to 1 default profile: "default"
2022-12-02 14:57:41.494  INFO 7184 --- [main] pertySourcedRequestMappingHandlerMapping : Mapped URL path [/v2/api-docs] onto method [springfox.documentation.swagger2.web.Swagger2Controller#getDocumentation(String, HttpServletRequest)]
2022-12-02 14:57:42.171  INFO 7184 --- [main] o.s.b.t.m.w.SpringBootMockServletContext : Initializing Spring TestDispatcherServlet ''
2022-12-02 14:57:42.172  INFO 7184 --- [main] o.s.t.web.servlet.TestDispatcherServlet  : Initializing Servlet ''
2022-12-02 14:57:42.176  INFO 7184 --- [main] o.s.t.web.servlet.TestDispatcherServlet  : Completed initialization in 3 ms
2022-12-02 14:57:42.226  INFO 7184 --- [main] d.s.w.p.DocumentationPluginsBootstrapper : Context refreshed
2022-12-02 14:57:42.228  INFO 7184 --- [main] d.s.w.p.DocumentationPluginsBootstrapper : Found 1 custom documentation plugin(s)
2022-12-02 14:57:42.267  INFO 7184 --- [main] s.d.s.w.s.ApiListingReferenceScanner     : Scanning for api listing references
2022-12-02 14:57:42.465  INFO 7184 --- [main] c.p.crud.rest.TestContactRestController  : Started TestContactRestController in 3.706 seconds (JVM running for 31.471)
2022-12-02 14:57:42.697  INFO 7184 --- [main] c.p.crud.rest.ContactRestController      : ** findAllContacts() - No contacts found in the DB **
2022-12-02 14:57:43.043  INFO 7184 --- [main] c.p.crud.rest.ContactRestController      : ** saveContact() - Contact saved. **
2022-12-02 14:57:43.066  INFO 7184 --- [main] c.p.crud.rest.ContactRestController      : ** saveContact() - Contact was not saved. **
2022-12-02 14:57:43.098 ERROR 7184 --- [main] c.p.crud.rest.ContactRestController      : ** saveContact() - Exception occured null
2022-12-02 14:57:43.099  INFO 7184 --- [main] c.p.crud.rest.ContactRestController      : ** saveContact() - Contact was not saved. **
2022-12-02 14:57:43.167  INFO 7184 --- [SpringApplicationShutdownHook] j.LocalContainerEntityManagerFactoryBean : Closing JPA EntityManagerFactory for persistence unit 'default'
2022-12-02 14:57:43.178  INFO 7184 --- [SpringApplicationShutdownHook] com.zaxxer.hikari.HikariDataSource       : HikariPool-1 - Shutdown initiated...
2022-12-02 14:57:45.051  INFO 7184 --- [SpringApplicationShutdownHook] com.zaxxer.hikari.HikariDataSource       : HikariPool-1 - Shutdown completed.
